{"/home/travis/build/npmtest/node-npmtest-pdfmake/test.js":{"path":"/home/travis/build/npmtest/node-npmtest-pdfmake/test.js","s":{"1":2,"2":2,"3":2,"4":2,"5":2,"6":2,"7":2,"8":1,"9":2,"10":2,"11":1,"12":1,"13":1,"14":1,"15":2,"16":2,"17":2,"18":2,"19":1,"20":1,"21":2,"22":2,"23":2,"24":1,"25":1,"26":1,"27":1,"28":1,"29":1,"30":1,"31":1,"32":1,"33":1,"34":1,"35":1,"36":1,"37":2,"38":2,"39":1,"40":2,"41":2,"42":1,"43":2,"44":2,"45":1,"46":2,"47":2,"48":1,"49":1,"50":1,"51":1,"52":1},"b":{"1":[2,1,1,1],"2":[1,1,1,1],"3":[1,1],"4":[1,1],"5":[1,1],"6":[1,1],"7":[1,1],"8":[1,1],"9":[1,1,1],"10":[1,1],"11":[1,1],"12":[1,1],"13":[1,1],"14":[1,1],"15":[1,1],"16":[1,1]},"f":{"1":2,"2":2,"3":2,"4":2,"5":2,"6":1,"7":1,"8":2,"9":2,"10":2,"11":2,"12":1},"fnMap":{"1":{"name":"(anonymous_1)","line":12,"loc":{"start":{"line":12,"column":1},"end":{"line":12,"column":13}}},"2":{"name":"(anonymous_2)","line":19,"loc":{"start":{"line":19,"column":5},"end":{"line":19,"column":17}}},"3":{"name":"(anonymous_3)","line":23,"loc":{"start":{"line":23,"column":24},"end":{"line":23,"column":36}}},"4":{"name":"(anonymous_4)","line":61,"loc":{"start":{"line":61,"column":5},"end":{"line":61,"column":17}}},"5":{"name":"(anonymous_5)","line":82,"loc":{"start":{"line":82,"column":5},"end":{"line":82,"column":17}}},"6":{"name":"(anonymous_6)","line":102,"loc":{"start":{"line":102,"column":83},"end":{"line":105,"column":10}},"skip":true},"7":{"name":"(anonymous_7)","line":113,"loc":{"start":{"line":113,"column":77},"end":{"line":116,"column":10}},"skip":true},"8":{"name":"(anonymous_8)","line":129,"loc":{"start":{"line":129,"column":12},"end":{"line":129,"column":40}},"skip":true},"9":{"name":"(anonymous_9)","line":137,"loc":{"start":{"line":137,"column":77},"end":{"line":140,"column":10}},"skip":true},"10":{"name":"(anonymous_10)","line":148,"loc":{"start":{"line":148,"column":83},"end":{"line":151,"column":10}},"skip":true},"11":{"name":"(anonymous_11)","line":159,"loc":{"start":{"line":159,"column":79},"end":{"line":162,"column":10}},"skip":true},"12":{"name":"(anonymous_12)","line":170,"loc":{"start":{"line":170,"column":75},"end":{"line":173,"column":10}},"skip":true}},"statementMap":{"1":{"start":{"line":12,"column":0},"end":{"line":185,"column":5}},"2":{"start":{"line":14,"column":4},"end":{"line":14,"column":14}},"3":{"start":{"line":19,"column":4},"end":{"line":56,"column":9}},"4":{"start":{"line":21,"column":8},"end":{"line":21,"column":19}},"5":{"start":{"line":23,"column":8},"end":{"line":35,"column":13}},"6":{"start":{"line":24,"column":12},"end":{"line":34,"column":13}},"7":{"start":{"line":25,"column":16},"end":{"line":28,"column":30}},"8":{"start":{"line":30,"column":16},"end":{"line":33,"column":27}},"9":{"start":{"line":37,"column":8},"end":{"line":39,"column":21}},"10":{"start":{"line":40,"column":8},"end":{"line":53,"column":9}},"11":{"start":{"line":43,"column":12},"end":{"line":46,"column":14}},"12":{"start":{"line":47,"column":12},"end":{"line":47,"column":18}},"13":{"start":{"line":50,"column":12},"end":{"line":51,"column":46}},"14":{"start":{"line":52,"column":12},"end":{"line":52,"column":18}},"15":{"start":{"line":55,"column":8},"end":{"line":55,"column":35}},"16":{"start":{"line":61,"column":4},"end":{"line":63,"column":9}},"17":{"start":{"line":62,"column":8},"end":{"line":62,"column":15}},"18":{"start":{"line":64,"column":4},"end":{"line":77,"column":5}},"19":{"start":{"line":70,"column":8},"end":{"line":70,"column":14}},"20":{"start":{"line":76,"column":8},"end":{"line":76,"column":14}},"21":{"start":{"line":82,"column":4},"end":{"line":84,"column":9}},"22":{"start":{"line":83,"column":8},"end":{"line":83,"column":15}},"23":{"start":{"line":85,"column":4},"end":{"line":184,"column":5}},"24":{"start":{"line":92,"column":8},"end":{"line":94,"column":63}},"25":{"start":{"line":95,"column":8},"end":{"line":95,"column":14}},"26":{"start":{"line":102,"column":8},"end":{"line":111,"column":10},"skip":true},"27":{"start":{"line":109,"column":12},"end":{"line":109,"column":55},"skip":true},"28":{"start":{"line":110,"column":12},"end":{"line":110,"column":48},"skip":true},"29":{"start":{"line":113,"column":8},"end":{"line":126,"column":10},"skip":true},"30":{"start":{"line":120,"column":12},"end":{"line":120,"column":76},"skip":true},"31":{"start":{"line":121,"column":12},"end":{"line":121,"column":73},"skip":true},"32":{"start":{"line":122,"column":12},"end":{"line":122,"column":74},"skip":true},"33":{"start":{"line":123,"column":12},"end":{"line":123,"column":79},"skip":true},"34":{"start":{"line":124,"column":12},"end":{"line":124,"column":25},"skip":true},"35":{"start":{"line":125,"column":12},"end":{"line":125,"column":45},"skip":true},"36":{"start":{"line":128,"column":8},"end":{"line":135,"column":14},"skip":true},"37":{"start":{"line":133,"column":16},"end":{"line":133,"column":29},"skip":true},"38":{"start":{"line":134,"column":16},"end":{"line":134,"column":55},"skip":true},"39":{"start":{"line":137,"column":8},"end":{"line":146,"column":10},"skip":true},"40":{"start":{"line":144,"column":12},"end":{"line":144,"column":25},"skip":true},"41":{"start":{"line":145,"column":12},"end":{"line":145,"column":45},"skip":true},"42":{"start":{"line":148,"column":8},"end":{"line":157,"column":10},"skip":true},"43":{"start":{"line":155,"column":12},"end":{"line":155,"column":25},"skip":true},"44":{"start":{"line":156,"column":12},"end":{"line":156,"column":48},"skip":true},"45":{"start":{"line":159,"column":8},"end":{"line":168,"column":10},"skip":true},"46":{"start":{"line":166,"column":12},"end":{"line":166,"column":25},"skip":true},"47":{"start":{"line":167,"column":12},"end":{"line":167,"column":46},"skip":true},"48":{"start":{"line":170,"column":8},"end":{"line":179,"column":10},"skip":true},"49":{"start":{"line":177,"column":12},"end":{"line":177,"column":94},"skip":true},"50":{"start":{"line":178,"column":12},"end":{"line":178,"column":48},"skip":true},"51":{"start":{"line":182,"column":8},"end":{"line":182,"column":35},"skip":true},"52":{"start":{"line":183,"column":8},"end":{"line":183,"column":14},"skip":true}},"branchMap":{"1":{"line":25,"type":"binary-expr","locations":[{"start":{"line":25,"column":23},"end":{"line":25,"column":62}},{"start":{"line":26,"column":20},"end":{"line":26,"column":70}},{"start":{"line":27,"column":20},"end":{"line":27,"column":71}},{"start":{"line":28,"column":20},"end":{"line":28,"column":29}}]},"2":{"line":30,"type":"binary-expr","locations":[{"start":{"line":30,"column":23},"end":{"line":30,"column":37}},{"start":{"line":31,"column":20},"end":{"line":31,"column":61}},{"start":{"line":32,"column":20},"end":{"line":32,"column":70}},{"start":{"line":33,"column":20},"end":{"line":33,"column":26}}]},"3":{"line":37,"type":"cond-expr","locations":[{"start":{"line":38,"column":14},"end":{"line":38,"column":20}},{"start":{"line":39,"column":14},"end":{"line":39,"column":20}}]},"4":{"line":40,"type":"switch","locations":[{"start":{"line":42,"column":8},"end":{"line":47,"column":18}},{"start":{"line":49,"column":8},"end":{"line":52,"column":18}}]},"5":{"line":44,"type":"binary-expr","locations":[{"start":{"line":44,"column":16},"end":{"line":44,"column":44}},{"start":{"line":44,"column":48},"end":{"line":44,"column":66}}]},"6":{"line":50,"type":"binary-expr","locations":[{"start":{"line":50,"column":21},"end":{"line":50,"column":49}},{"start":{"line":50,"column":53},"end":{"line":50,"column":72}}]},"7":{"line":64,"type":"switch","locations":[{"start":{"line":69,"column":4},"end":{"line":70,"column":14}},{"start":{"line":75,"column":4},"end":{"line":76,"column":14}}]},"8":{"line":85,"type":"switch","locations":[{"start":{"line":90,"column":4},"end":{"line":95,"column":14}},{"start":{"line":101,"column":4},"end":{"line":183,"column":14},"skip":true}]},"9":{"line":92,"type":"binary-expr","locations":[{"start":{"line":92,"column":18},"end":{"line":92,"column":32}},{"start":{"line":93,"column":12},"end":{"line":93,"column":53}},{"start":{"line":94,"column":12},"end":{"line":94,"column":61}}]},"10":{"line":102,"type":"binary-expr","locations":[{"start":{"line":102,"column":45},"end":{"line":102,"column":79},"skip":true},{"start":{"line":102,"column":83},"end":{"line":111,"column":9},"skip":true}]},"11":{"line":113,"type":"binary-expr","locations":[{"start":{"line":113,"column":42},"end":{"line":113,"column":73},"skip":true},{"start":{"line":113,"column":77},"end":{"line":126,"column":9},"skip":true}]},"12":{"line":128,"type":"binary-expr","locations":[{"start":{"line":128,"column":48},"end":{"line":128,"column":85},"skip":true},{"start":{"line":129,"column":12},"end":{"line":135,"column":13},"skip":true}]},"13":{"line":137,"type":"binary-expr","locations":[{"start":{"line":137,"column":42},"end":{"line":137,"column":73},"skip":true},{"start":{"line":137,"column":77},"end":{"line":146,"column":9},"skip":true}]},"14":{"line":148,"type":"binary-expr","locations":[{"start":{"line":148,"column":45},"end":{"line":148,"column":79},"skip":true},{"start":{"line":148,"column":83},"end":{"line":157,"column":9},"skip":true}]},"15":{"line":159,"type":"binary-expr","locations":[{"start":{"line":159,"column":43},"end":{"line":159,"column":75},"skip":true},{"start":{"line":159,"column":79},"end":{"line":168,"column":9},"skip":true}]},"16":{"line":170,"type":"binary-expr","locations":[{"start":{"line":170,"column":41},"end":{"line":170,"column":71},"skip":true},{"start":{"line":170,"column":75},"end":{"line":179,"column":9},"skip":true}]}},"code":["/* istanbul instrument in package npmtest_pdfmake */","/*jslint","    bitwise: true,","    browser: true,","    maxerr: 8,","    maxlen: 96,","    node: true,","    nomen: true,","    regexp: true,","    stupid: true","*/","(function () {","    'use strict';","    var local;","","","","    // run shared js-env code - pre-init","    (function () {","        // init local","        local = {};","        // init modeJs","        local.modeJs = (function () {","            try {","                return typeof navigator.userAgent === 'string' &&","                    typeof document.querySelector('body') === 'object' &&","                    typeof XMLHttpRequest.prototype.open === 'function' &&","                    'browser';","            } catch (errorCaughtBrowser) {","                return module.exports &&","                    typeof process.versions.node === 'string' &&","                    typeof require('http').createServer === 'function' &&","                    'node';","            }","        }());","        // init global","        local.global = local.modeJs === 'browser'","            ? window","            : global;","        switch (local.modeJs) {","        // re-init local from window.local","        case 'browser':","            local = local.global.utility2.objectSetDefault(","                local.global.utility2_rollup || local.global.local,","                local.global.utility2","            );","            break;","        // re-init local from example.js","        case 'node':","            local = (local.global.utility2_rollup || require('utility2'))","                .requireExampleJsFromReadme();","            break;","        }","        // export local","        local.global.local = local;","    }());","","","","    // run shared js-env code - function","    (function () {","        return;","    }());","    switch (local.modeJs) {","","","","    // run browser js-env code - function","    case 'browser':","        break;","","","","    // run node js-env code - function","    case 'node':","        break;","    }","","","","    // run shared js-env code - post-init","    (function () {","        return;","    }());","    switch (local.modeJs) {","","","","    // run browser js-env code - post-init","    case 'browser':","        // run tests","        local.nop(local.modeTest &&","            document.querySelector('#testRunButton1') &&","            document.querySelector('#testRunButton1').click());","        break;","","","","    // run node js-env code - post-init","    /* istanbul ignore next */","    case 'node':","        local.testCase_buildApidoc_default = local.testCase_buildApidoc_default || function (","            options,","            onError","        ) {","        /*","         * this function will test buildApidoc's default handling-behavior-behavior","         */","            options = { modulePathList: module.paths };","            local.buildApidoc(options, onError);","        };","","        local.testCase_buildApp_default = local.testCase_buildApp_default || function (","            options,","            onError","        ) {","        /*","         * this function will test buildApp's default handling-behavior-behavior","         */","            local.testCase_buildReadme_default(options, local.onErrorThrow);","            local.testCase_buildLib_default(options, local.onErrorThrow);","            local.testCase_buildTest_default(options, local.onErrorThrow);","            local.testCase_buildCustomOrg_default(options, local.onErrorThrow);","            options = [];","            local.buildApp(options, onError);","        };","","        local.testCase_buildCustomOrg_default = local.testCase_buildCustomOrg_default ||","            function (options, onError) {","            /*","             * this function will test buildCustomOrg's default handling-behavior","             */","                options = {};","                local.buildCustomOrg(options, onError);","            };","","        local.testCase_buildLib_default = local.testCase_buildLib_default || function (","            options,","            onError","        ) {","        /*","         * this function will test buildLib's default handling-behavior","         */","            options = {};","            local.buildLib(options, onError);","        };","","        local.testCase_buildReadme_default = local.testCase_buildReadme_default || function (","            options,","            onError","        ) {","        /*","         * this function will test buildReadme's default handling-behavior-behavior","         */","            options = {};","            local.buildReadme(options, onError);","        };","","        local.testCase_buildTest_default = local.testCase_buildTest_default || function (","            options,","            onError","        ) {","        /*","         * this function will test buildTest's default handling-behavior","         */","            options = {};","            local.buildTest(options, onError);","        };","","        local.testCase_webpage_default = local.testCase_webpage_default || function (","            options,","            onError","        ) {","        /*","         * this function will test webpage's default handling-behavior","         */","            options = { modeCoverageMerge: true, url: local.serverLocalHost + '?modeTest=1' };","            local.browserTest(options, onError);","        };","","        // run test-server","        local.testRunServer(local);","        break;","    }","}());",""],"l":{"12":2,"14":2,"19":2,"21":2,"23":2,"24":2,"25":2,"30":1,"37":2,"40":2,"43":1,"47":1,"50":1,"52":1,"55":2,"61":2,"62":2,"64":2,"70":1,"76":1,"82":2,"83":2,"85":2,"92":1,"95":1,"102":1,"109":1,"110":1,"113":1,"120":1,"121":1,"122":1,"123":1,"124":1,"125":1,"128":1,"133":2,"134":2,"137":1,"144":2,"145":2,"148":1,"155":2,"156":2,"159":1,"166":2,"167":2,"170":1,"177":1,"178":1,"182":1,"183":1}},"/home/travis/build/npmtest/node-npmtest-pdfmake/lib.npmtest_pdfmake.js":{"path":"/home/travis/build/npmtest/node-npmtest-pdfmake/lib.npmtest_pdfmake.js","s":{"1":2,"2":2,"3":2,"4":2,"5":2,"6":2,"7":2,"8":1,"9":2,"10":2,"11":2,"12":2,"13":1,"14":1,"15":1,"16":1},"b":{"1":[2,1,1,1],"2":[1,1,1,1],"3":[1,1],"4":[2,2],"5":[1,1]},"f":{"1":2,"2":2,"3":2},"fnMap":{"1":{"name":"(anonymous_1)","line":12,"loc":{"start":{"line":12,"column":1},"end":{"line":12,"column":13}}},"2":{"name":"(anonymous_2)","line":19,"loc":{"start":{"line":19,"column":5},"end":{"line":19,"column":17}}},"3":{"name":"(anonymous_3)","line":23,"loc":{"start":{"line":23,"column":24},"end":{"line":23,"column":36}}}},"statementMap":{"1":{"start":{"line":12,"column":0},"end":{"line":53,"column":5}},"2":{"start":{"line":14,"column":4},"end":{"line":14,"column":14}},"3":{"start":{"line":19,"column":4},"end":{"line":52,"column":9}},"4":{"start":{"line":21,"column":8},"end":{"line":21,"column":19}},"5":{"start":{"line":23,"column":8},"end":{"line":35,"column":13}},"6":{"start":{"line":24,"column":12},"end":{"line":34,"column":13}},"7":{"start":{"line":25,"column":16},"end":{"line":28,"column":30}},"8":{"start":{"line":30,"column":16},"end":{"line":33,"column":27}},"9":{"start":{"line":37,"column":8},"end":{"line":39,"column":21}},"10":{"start":{"line":41,"column":8},"end":{"line":41,"column":54}},"11":{"start":{"line":43,"column":8},"end":{"line":43,"column":52}},"12":{"start":{"line":45,"column":8},"end":{"line":51,"column":9}},"13":{"start":{"line":46,"column":12},"end":{"line":46,"column":58}},"14":{"start":{"line":48,"column":12},"end":{"line":48,"column":35}},"15":{"start":{"line":49,"column":12},"end":{"line":49,"column":49}},"16":{"start":{"line":50,"column":12},"end":{"line":50,"column":43}}},"branchMap":{"1":{"line":25,"type":"binary-expr","locations":[{"start":{"line":25,"column":23},"end":{"line":25,"column":62}},{"start":{"line":26,"column":20},"end":{"line":26,"column":70}},{"start":{"line":27,"column":20},"end":{"line":27,"column":71}},{"start":{"line":28,"column":20},"end":{"line":28,"column":29}}]},"2":{"line":30,"type":"binary-expr","locations":[{"start":{"line":30,"column":23},"end":{"line":30,"column":37}},{"start":{"line":31,"column":20},"end":{"line":31,"column":61}},{"start":{"line":32,"column":20},"end":{"line":32,"column":70}},{"start":{"line":33,"column":20},"end":{"line":33,"column":26}}]},"3":{"line":37,"type":"cond-expr","locations":[{"start":{"line":38,"column":14},"end":{"line":38,"column":20}},{"start":{"line":39,"column":14},"end":{"line":39,"column":20}}]},"4":{"line":41,"type":"binary-expr","locations":[{"start":{"line":41,"column":16},"end":{"line":41,"column":44}},{"start":{"line":41,"column":48},"end":{"line":41,"column":53}}]},"5":{"line":45,"type":"if","locations":[{"start":{"line":45,"column":8},"end":{"line":45,"column":8}},{"start":{"line":45,"column":8},"end":{"line":45,"column":8}}]}},"code":["/* istanbul instrument in package npmtest_pdfmake */","/*jslint","    bitwise: true,","    browser: true,","    maxerr: 8,","    maxlen: 96,","    node: true,","    nomen: true,","    regexp: true,","    stupid: true","*/","(function () {","    'use strict';","    var local;","","","","    // run shared js-env code - pre-init","    (function () {","        // init local","        local = {};","        // init modeJs","        local.modeJs = (function () {","            try {","                return typeof navigator.userAgent === 'string' &&","                    typeof document.querySelector('body') === 'object' &&","                    typeof XMLHttpRequest.prototype.open === 'function' &&","                    'browser';","            } catch (errorCaughtBrowser) {","                return module.exports &&","                    typeof process.versions.node === 'string' &&","                    typeof require('http').createServer === 'function' &&","                    'node';","            }","        }());","        // init global","        local.global = local.modeJs === 'browser'","            ? window","            : global;","        // init utility2_rollup","        local = local.global.utility2_rollup || local;","        // init lib","        local.local = local.npmtest_pdfmake = local;","        // init exports","        if (local.modeJs === 'browser') {","            local.global.utility2_npmtest_pdfmake = local;","        } else {","            module.exports = local;","            module.exports.__dirname = __dirname;","            module.exports.module = module;","        }","    }());","}());",""],"l":{"12":2,"14":2,"19":2,"21":2,"23":2,"24":2,"25":2,"30":1,"37":2,"41":2,"43":2,"45":2,"46":1,"48":1,"49":1,"50":1}},"/home/travis/build/npmtest/node-npmtest-pdfmake/example.js":{"path":"/home/travis/build/npmtest/node-npmtest-pdfmake/example.js","s":{"1":2,"2":2,"3":2,"4":2,"5":2,"6":2,"7":2,"8":1,"9":2,"10":2,"11":2,"12":2,"13":1,"14":2,"15":2,"16":2,"17":2,"18":2,"19":0,"20":2,"21":1,"22":1,"23":1,"24":1,"25":1,"26":0,"27":0,"28":1,"29":1,"30":2,"31":0,"32":0,"33":0,"34":1,"35":2,"36":2,"37":2,"38":2,"39":2,"40":2,"41":0,"42":2,"43":2,"44":2,"45":1,"46":3,"47":1,"48":1,"49":1,"50":1,"51":1,"52":1,"53":1,"54":1,"55":1,"56":1,"57":0,"58":1,"59":6,"60":6,"61":1,"62":2,"63":0,"64":2,"65":1,"66":1,"67":0,"68":0,"69":0,"70":0,"71":0,"72":0,"73":0,"74":0,"75":0,"76":0,"77":0,"78":0,"79":0,"80":0,"81":0,"82":0,"83":0},"b":{"1":[2,1,1,1],"2":[1,1,1,1],"3":[1,1],"4":[2,2],"5":[1,1],"6":[1,1],"7":[2,0],"8":[2,1,1,1,1,1],"9":[0,2,0],"10":[1,1],"11":[2,1,1],"12":[1,0],"13":[0,2],"14":[2,0,0,0,0,0,0],"15":[0,2],"16":[2,0],"17":[1,1],"18":[0,1],"19":[1,2,0,2],"20":[1,0],"21":[1,1],"22":[0,0],"23":[0,0],"24":[0,0],"25":[0,0],"26":[0,0],"27":[0,0],"28":[0,0]},"f":{"1":2,"2":2,"3":2,"4":2,"5":2,"6":2,"7":2,"8":2,"9":3,"10":1,"11":6,"12":0},"fnMap":{"1":{"name":"(anonymous_1)","line":26,"loc":{"start":{"line":26,"column":1},"end":{"line":26,"column":13}}},"2":{"name":"(anonymous_2)","line":33,"loc":{"start":{"line":33,"column":5},"end":{"line":33,"column":17}}},"3":{"name":"(anonymous_3)","line":37,"loc":{"start":{"line":37,"column":24},"end":{"line":37,"column":36}}},"4":{"name":"(anonymous_4)","line":69,"loc":{"start":{"line":69,"column":31},"end":{"line":69,"column":48}},"skip":true},"5":{"name":"(anonymous_5)","line":78,"loc":{"start":{"line":78,"column":26},"end":{"line":78,"column":45}},"skip":true},"6":{"name":"(anonymous_6)","line":123,"loc":{"start":{"line":123,"column":33},"end":{"line":123,"column":48}},"skip":true},"7":{"name":"(anonymous_7)","line":125,"loc":{"start":{"line":125,"column":27},"end":{"line":125,"column":39}},"skip":true},"8":{"name":"(anonymous_8)","line":133,"loc":{"start":{"line":133,"column":59},"end":{"line":133,"column":74}},"skip":true},"9":{"name":"(anonymous_9)","line":143,"loc":{"start":{"line":143,"column":45},"end":{"line":143,"column":62}},"skip":true},"10":{"name":"(anonymous_10)","line":144,"loc":{"start":{"line":144,"column":73},"end":{"line":144,"column":92}},"skip":true},"11":{"name":"(anonymous_11)","line":272,"loc":{"start":{"line":272,"column":51},"end":{"line":272,"column":77}},"skip":true},"12":{"name":"(anonymous_12)","line":314,"loc":{"start":{"line":314,"column":32},"end":{"line":314,"column":61}},"skip":true}},"statementMap":{"1":{"start":{"line":26,"column":0},"end":{"line":325,"column":5}},"2":{"start":{"line":28,"column":4},"end":{"line":28,"column":14}},"3":{"start":{"line":33,"column":4},"end":{"line":60,"column":9}},"4":{"start":{"line":35,"column":8},"end":{"line":35,"column":19}},"5":{"start":{"line":37,"column":8},"end":{"line":49,"column":13}},"6":{"start":{"line":38,"column":12},"end":{"line":48,"column":13}},"7":{"start":{"line":39,"column":16},"end":{"line":42,"column":30}},"8":{"start":{"line":44,"column":16},"end":{"line":47,"column":27}},"9":{"start":{"line":51,"column":8},"end":{"line":53,"column":21}},"10":{"start":{"line":55,"column":8},"end":{"line":57,"column":45}},"11":{"start":{"line":59,"column":8},"end":{"line":59,"column":35}},"12":{"start":{"line":61,"column":4},"end":{"line":324,"column":5}},"13":{"start":{"line":69,"column":8},"end":{"line":121,"column":10},"skip":true},"14":{"start":{"line":70,"column":12},"end":{"line":88,"column":13},"skip":true},"15":{"start":{"line":76,"column":16},"end":{"line":87,"column":19},"skip":true},"16":{"start":{"line":79,"column":20},"end":{"line":86,"column":21},"skip":true},"17":{"start":{"line":82,"column":24},"end":{"line":82,"column":43},"skip":true},"18":{"start":{"line":83,"column":24},"end":{"line":83,"column":30},"skip":true},"19":{"start":{"line":85,"column":24},"end":{"line":85,"column":49},"skip":true},"20":{"start":{"line":89,"column":12},"end":{"line":107,"column":13},"skip":true},"21":{"start":{"line":92,"column":16},"end":{"line":102,"column":17},"skip":true},"22":{"start":{"line":93,"column":20},"end":{"line":93,"column":86},"skip":true},"23":{"start":{"line":94,"column":20},"end":{"line":95,"column":45},"skip":true},"24":{"start":{"line":96,"column":20},"end":{"line":96,"column":42},"skip":true},"25":{"start":{"line":97,"column":20},"end":{"line":97,"column":48},"skip":true},"26":{"start":{"line":100,"column":20},"end":{"line":100,"column":85},"skip":true},"27":{"start":{"line":101,"column":20},"end":{"line":101,"column":96},"skip":true},"28":{"start":{"line":103,"column":16},"end":{"line":103,"column":22},"skip":true},"29":{"start":{"line":106,"column":16},"end":{"line":106,"column":22},"skip":true},"30":{"start":{"line":108,"column":12},"end":{"line":120,"column":13},"skip":true},"31":{"start":{"line":114,"column":16},"end":{"line":119,"column":17},"skip":true},"32":{"start":{"line":116,"column":20},"end":{"line":116,"column":78},"skip":true},"33":{"start":{"line":118,"column":20},"end":{"line":118,"column":47},"skip":true},"34":{"start":{"line":123,"column":8},"end":{"line":141,"column":11},"skip":true},"35":{"start":{"line":124,"column":12},"end":{"line":124,"column":54},"skip":true},"36":{"start":{"line":125,"column":12},"end":{"line":140,"column":14},"skip":true},"37":{"start":{"line":126,"column":16},"end":{"line":126,"column":28},"skip":true},"38":{"start":{"line":127,"column":16},"end":{"line":127,"column":69},"skip":true},"39":{"start":{"line":128,"column":16},"end":{"line":128,"column":75},"skip":true},"40":{"start":{"line":129,"column":16},"end":{"line":131,"column":17},"skip":true},"41":{"start":{"line":130,"column":20},"end":{"line":130,"column":27},"skip":true},"42":{"start":{"line":133,"column":16},"end":{"line":137,"column":36},"skip":true},"43":{"start":{"line":134,"column":20},"end":{"line":136,"column":55},"skip":true},"44":{"start":{"line":139,"column":16},"end":{"line":139,"column":57},"skip":true},"45":{"start":{"line":143,"column":8},"end":{"line":147,"column":11},"skip":true},"46":{"start":{"line":144,"column":12},"end":{"line":146,"column":15},"skip":true},"47":{"start":{"line":145,"column":16},"end":{"line":145,"column":70},"skip":true},"48":{"start":{"line":149,"column":8},"end":{"line":149,"column":31},"skip":true},"49":{"start":{"line":150,"column":8},"end":{"line":150,"column":14},"skip":true},"50":{"start":{"line":158,"column":8},"end":{"line":158,"column":31},"skip":true},"51":{"start":{"line":160,"column":8},"end":{"line":160,"column":33},"skip":true},"52":{"start":{"line":161,"column":8},"end":{"line":161,"column":37},"skip":true},"53":{"start":{"line":162,"column":8},"end":{"line":162,"column":35},"skip":true},"54":{"start":{"line":164,"column":8},"end":{"line":164,"column":50},"skip":true},"55":{"start":{"line":166,"column":8},"end":{"line":256,"column":2},"skip":true},"56":{"start":{"line":258,"column":8},"end":{"line":286,"column":9},"skip":true},"57":{"start":{"line":259,"column":12},"end":{"line":269,"column":14},"skip":true},"58":{"start":{"line":271,"column":12},"end":{"line":285,"column":19},"skip":true},"59":{"start":{"line":274,"column":20},"end":{"line":274,"column":35},"skip":true},"60":{"start":{"line":275,"column":20},"end":{"line":284,"column":21},"skip":true},"61":{"start":{"line":277,"column":24},"end":{"line":277,"column":64},"skip":true},"62":{"start":{"line":279,"column":24},"end":{"line":279,"column":40},"skip":true},"63":{"start":{"line":281,"column":24},"end":{"line":281,"column":40},"skip":true},"64":{"start":{"line":283,"column":24},"end":{"line":283,"column":39},"skip":true},"65":{"start":{"line":288,"column":8},"end":{"line":290,"column":9},"skip":true},"66":{"start":{"line":289,"column":12},"end":{"line":289,"column":18},"skip":true},"67":{"start":{"line":291,"column":8},"end":{"line":293,"column":54},"skip":true},"68":{"start":{"line":294,"column":8},"end":{"line":301,"column":37},"skip":true},"69":{"start":{"line":302,"column":8},"end":{"line":302,"column":82},"skip":true},"70":{"start":{"line":305,"column":8},"end":{"line":307,"column":9},"skip":true},"71":{"start":{"line":306,"column":12},"end":{"line":306,"column":82},"skip":true},"72":{"start":{"line":309,"column":8},"end":{"line":311,"column":9},"skip":true},"73":{"start":{"line":310,"column":12},"end":{"line":310,"column":18},"skip":true},"74":{"start":{"line":312,"column":8},"end":{"line":312,"column":54},"skip":true},"75":{"start":{"line":313,"column":8},"end":{"line":313,"column":69},"skip":true},"76":{"start":{"line":314,"column":8},"end":{"line":322,"column":36},"skip":true},"77":{"start":{"line":315,"column":12},"end":{"line":315,"column":61},"skip":true},"78":{"start":{"line":316,"column":12},"end":{"line":319,"column":13},"skip":true},"79":{"start":{"line":317,"column":16},"end":{"line":317,"column":75},"skip":true},"80":{"start":{"line":318,"column":16},"end":{"line":318,"column":23},"skip":true},"81":{"start":{"line":320,"column":12},"end":{"line":320,"column":38},"skip":true},"82":{"start":{"line":321,"column":12},"end":{"line":321,"column":27},"skip":true},"83":{"start":{"line":323,"column":8},"end":{"line":323,"column":14},"skip":true}},"branchMap":{"1":{"line":39,"type":"binary-expr","locations":[{"start":{"line":39,"column":23},"end":{"line":39,"column":62}},{"start":{"line":40,"column":20},"end":{"line":40,"column":70}},{"start":{"line":41,"column":20},"end":{"line":41,"column":71}},{"start":{"line":42,"column":20},"end":{"line":42,"column":29}}]},"2":{"line":44,"type":"binary-expr","locations":[{"start":{"line":44,"column":23},"end":{"line":44,"column":37}},{"start":{"line":45,"column":20},"end":{"line":45,"column":61}},{"start":{"line":46,"column":20},"end":{"line":46,"column":70}},{"start":{"line":47,"column":20},"end":{"line":47,"column":26}}]},"3":{"line":51,"type":"cond-expr","locations":[{"start":{"line":52,"column":14},"end":{"line":52,"column":20}},{"start":{"line":53,"column":14},"end":{"line":53,"column":20}}]},"4":{"line":55,"type":"binary-expr","locations":[{"start":{"line":55,"column":16},"end":{"line":55,"column":44}},{"start":{"line":55,"column":49},"end":{"line":57,"column":43}}]},"5":{"line":55,"type":"cond-expr","locations":[{"start":{"line":56,"column":14},"end":{"line":56,"column":51}},{"start":{"line":57,"column":14},"end":{"line":57,"column":43}}]},"6":{"line":61,"type":"switch","locations":[{"start":{"line":68,"column":4},"end":{"line":150,"column":14},"skip":true},{"start":{"line":156,"column":4},"end":{"line":323,"column":14},"skip":true}]},"7":{"line":70,"type":"if","locations":[{"start":{"line":70,"column":12},"end":{"line":70,"column":12},"skip":true},{"start":{"line":70,"column":12},"end":{"line":70,"column":12},"skip":true}]},"8":{"line":70,"type":"binary-expr","locations":[{"start":{"line":70,"column":16},"end":{"line":70,"column":22},"skip":true},{"start":{"line":70,"column":27},"end":{"line":70,"column":32},"skip":true},{"start":{"line":71,"column":20},"end":{"line":71,"column":39},"skip":true},{"start":{"line":72,"column":20},"end":{"line":72,"column":49},"skip":true},{"start":{"line":73,"column":20},"end":{"line":73,"column":58},"skip":true},{"start":{"line":74,"column":20},"end":{"line":74,"column":69},"skip":true}]},"9":{"line":79,"type":"switch","locations":[{"start":{"line":80,"column":20},"end":{"line":80,"column":33},"skip":true},{"start":{"line":81,"column":20},"end":{"line":83,"column":30},"skip":true},{"start":{"line":84,"column":20},"end":{"line":85,"column":49},"skip":true}]},"10":{"line":89,"type":"switch","locations":[{"start":{"line":90,"column":12},"end":{"line":103,"column":22},"skip":true},{"start":{"line":105,"column":12},"end":{"line":106,"column":22},"skip":true}]},"11":{"line":89,"type":"binary-expr","locations":[{"start":{"line":89,"column":20},"end":{"line":89,"column":25},"skip":true},{"start":{"line":89,"column":29},"end":{"line":89,"column":48},"skip":true},{"start":{"line":89,"column":52},"end":{"line":89,"column":74},"skip":true}]},"12":{"line":92,"type":"if","locations":[{"start":{"line":92,"column":16},"end":{"line":92,"column":16},"skip":true},{"start":{"line":92,"column":16},"end":{"line":92,"column":16},"skip":true}]},"13":{"line":108,"type":"if","locations":[{"start":{"line":108,"column":12},"end":{"line":108,"column":12},"skip":true},{"start":{"line":108,"column":12},"end":{"line":108,"column":12},"skip":true}]},"14":{"line":108,"type":"binary-expr","locations":[{"start":{"line":108,"column":16},"end":{"line":108,"column":61},"skip":true},{"start":{"line":108,"column":66},"end":{"line":108,"column":72},"skip":true},{"start":{"line":108,"column":77},"end":{"line":108,"column":82},"skip":true},{"start":{"line":109,"column":20},"end":{"line":109,"column":39},"skip":true},{"start":{"line":110,"column":20},"end":{"line":110,"column":49},"skip":true},{"start":{"line":111,"column":20},"end":{"line":111,"column":58},"skip":true},{"start":{"line":112,"column":20},"end":{"line":112,"column":68},"skip":true}]},"15":{"line":129,"type":"if","locations":[{"start":{"line":129,"column":16},"end":{"line":129,"column":16},"skip":true},{"start":{"line":129,"column":16},"end":{"line":129,"column":16},"skip":true}]},"16":{"line":134,"type":"cond-expr","locations":[{"start":{"line":135,"column":26},"end":{"line":135,"column":29},"skip":true},{"start":{"line":136,"column":26},"end":{"line":136,"column":54},"skip":true}]},"17":{"line":164,"type":"binary-expr","locations":[{"start":{"line":164,"column":27},"end":{"line":164,"column":43},"skip":true},{"start":{"line":164,"column":47},"end":{"line":164,"column":49},"skip":true}]},"18":{"line":258,"type":"if","locations":[{"start":{"line":258,"column":8},"end":{"line":258,"column":8},"skip":true},{"start":{"line":258,"column":8},"end":{"line":258,"column":8},"skip":true}]},"19":{"line":275,"type":"switch","locations":[{"start":{"line":276,"column":20},"end":{"line":277,"column":64},"skip":true},{"start":{"line":278,"column":20},"end":{"line":279,"column":40},"skip":true},{"start":{"line":280,"column":20},"end":{"line":281,"column":40},"skip":true},{"start":{"line":282,"column":20},"end":{"line":283,"column":39},"skip":true}]},"20":{"line":288,"type":"if","locations":[{"start":{"line":288,"column":8},"end":{"line":288,"column":8},"skip":true},{"start":{"line":288,"column":8},"end":{"line":288,"column":8},"skip":true}]},"21":{"line":288,"type":"binary-expr","locations":[{"start":{"line":288,"column":12},"end":{"line":288,"column":40},"skip":true},{"start":{"line":288,"column":44},"end":{"line":288,"column":67},"skip":true}]},"22":{"line":292,"type":"binary-expr","locations":[{"start":{"line":292,"column":12},"end":{"line":292,"column":50},"skip":true},{"start":{"line":293,"column":12},"end":{"line":293,"column":53},"skip":true}]},"23":{"line":295,"type":"binary-expr","locations":[{"start":{"line":295,"column":12},"end":{"line":295,"column":65},"skip":true},{"start":{"line":296,"column":12},"end":{"line":301,"column":36},"skip":true}]},"24":{"line":302,"type":"binary-expr","locations":[{"start":{"line":302,"column":43},"end":{"line":302,"column":75},"skip":true},{"start":{"line":302,"column":79},"end":{"line":302,"column":81},"skip":true}]},"25":{"line":305,"type":"if","locations":[{"start":{"line":305,"column":8},"end":{"line":305,"column":8},"skip":true},{"start":{"line":305,"column":8},"end":{"line":305,"column":8},"skip":true}]},"26":{"line":309,"type":"if","locations":[{"start":{"line":309,"column":8},"end":{"line":309,"column":8},"skip":true},{"start":{"line":309,"column":8},"end":{"line":309,"column":8},"skip":true}]},"27":{"line":312,"type":"binary-expr","locations":[{"start":{"line":312,"column":27},"end":{"line":312,"column":43},"skip":true},{"start":{"line":312,"column":47},"end":{"line":312,"column":53},"skip":true}]},"28":{"line":316,"type":"if","locations":[{"start":{"line":316,"column":12},"end":{"line":316,"column":12},"skip":true},{"start":{"line":316,"column":12},"end":{"line":316,"column":12},"skip":true}]}},"code":["/*","example.js","","quickstart example","","instruction","    1. save this script as example.js","    2. run the shell command:","        $ npm install npmtest-pdfmake && PORT=8081 node example.js","    3. play with the browser-demo on http://127.0.0.1:8081","*/","","","","/* istanbul instrument in package npmtest_pdfmake */","/*jslint","    bitwise: true,","    browser: true,","    maxerr: 8,","    maxlen: 96,","    node: true,","    nomen: true,","    regexp: true,","    stupid: true","*/","(function () {","    'use strict';","    var local;","","","","    // run shared js-env code - pre-init","    (function () {","        // init local","        local = {};","        // init modeJs","        local.modeJs = (function () {","            try {","                return typeof navigator.userAgent === 'string' &&","                    typeof document.querySelector('body') === 'object' &&","                    typeof XMLHttpRequest.prototype.open === 'function' &&","                    'browser';","            } catch (errorCaughtBrowser) {","                return module.exports &&","                    typeof process.versions.node === 'string' &&","                    typeof require('http').createServer === 'function' &&","                    'node';","            }","        }());","        // init global","        local.global = local.modeJs === 'browser'","            ? window","            : global;","        // init utility2_rollup","        local = local.global.utility2_rollup || (local.modeJs === 'browser'","            ? local.global.utility2_npmtest_pdfmake","            : global.utility2_moduleExports);","        // export local","        local.global.local = local;","    }());","    switch (local.modeJs) {","","","","    // post-init","    // run browser js-env code - post-init","    /* istanbul ignore next */","    case 'browser':","        local.testRunBrowser = function (event) {","            if (!event || (event &&","                    event.currentTarget &&","                    event.currentTarget.className &&","                    event.currentTarget.className.includes &&","                    event.currentTarget.className.includes('onreset'))) {","                // reset output","                Array.from(","                    document.querySelectorAll('body > .resettable')","                ).forEach(function (element) {","                    switch (element.tagName) {","                    case 'INPUT':","                    case 'TEXTAREA':","                        element.value = '';","                        break;","                    default:","                        element.textContent = '';","                    }","                });","            }","            switch (event && event.currentTarget && event.currentTarget.id) {","            case 'testRunButton1':","                // show tests","                if (document.querySelector('#testReportDiv1').style.display === 'none') {","                    document.querySelector('#testReportDiv1').style.display = 'block';","                    document.querySelector('#testRunButton1').textContent =","                        'hide internal test';","                    local.modeTest = true;","                    local.testRunDefault(local);","                // hide tests","                } else {","                    document.querySelector('#testReportDiv1').style.display = 'none';","                    document.querySelector('#testRunButton1').textContent = 'run internal test';","                }","                break;","            // custom-case","            default:","                break;","            }","            if (document.querySelector('#inputTextareaEval1') && (!event || (event &&","                    event.currentTarget &&","                    event.currentTarget.className &&","                    event.currentTarget.className.includes &&","                    event.currentTarget.className.includes('oneval')))) {","                // try to eval input-code","                try {","                    /*jslint evil: true*/","                    eval(document.querySelector('#inputTextareaEval1').value);","                } catch (errorCaught) {","                    console.error(errorCaught);","                }","            }","        };","        // log stderr and stdout to #outputTextareaStdout1","        ['error', 'log'].forEach(function (key) {","            console[key + '_original'] = console[key];","            console[key] = function () {","                var element;","                console[key + '_original'].apply(console, arguments);","                element = document.querySelector('#outputTextareaStdout1');","                if (!element) {","                    return;","                }","                // append text to #outputTextareaStdout1","                element.value += Array.from(arguments).map(function (arg) {","                    return typeof arg === 'string'","                        ? arg","                        : JSON.stringify(arg, null, 4);","                }).join(' ') + '\\n';","                // scroll textarea to bottom","                element.scrollTop = element.scrollHeight;","            };","        });","        // init event-handling","        ['change', 'click', 'keyup'].forEach(function (event) {","            Array.from(document.querySelectorAll('.on' + event)).forEach(function (element) {","                element.addEventListener(event, local.testRunBrowser);","            });","        });","        // run tests","        local.testRunBrowser();","        break;","","","","    // run node js-env code - post-init","    /* istanbul ignore next */","    case 'node':","        // export local","        module.exports = local;","        // require modules","        local.fs = require('fs');","        local.http = require('http');","        local.url = require('url');","        // init assets","        local.assetsDict = local.assetsDict || {};","        /* jslint-ignore-begin */","        local.assetsDict['/assets.index.template.html'] = '\\","<!doctype html>\\n\\","<html lang=\"en\">\\n\\","<head>\\n\\","<meta charset=\"UTF-8\">\\n\\","<meta name=\"viewport\" content=\"width=device-width, initial-scale=1\">\\n\\","<title>{{env.npm_package_name}} (v{{env.npm_package_version}})</title>\\n\\","<style>\\n\\","/*csslint\\n\\","    box-sizing: false,\\n\\","    universal-selector: false\\n\\","*/\\n\\","* {\\n\\","    box-sizing: border-box;\\n\\","}\\n\\","body {\\n\\","    background: #dde;\\n\\","    font-family: Arial, Helvetica, sans-serif;\\n\\","    margin: 2rem;\\n\\","}\\n\\","body > * {\\n\\","    margin-bottom: 1rem;\\n\\","}\\n\\",".utility2FooterDiv {\\n\\","    margin-top: 20px;\\n\\","    text-align: center;\\n\\","}\\n\\","</style>\\n\\","<style>\\n\\","/*csslint\\n\\","*/\\n\\","textarea {\\n\\","    font-family: monospace;\\n\\","    height: 10rem;\\n\\","    width: 100%;\\n\\","}\\n\\","textarea[readonly] {\\n\\","    background: #ddd;\\n\\","}\\n\\","</style>\\n\\","</head>\\n\\","<body>\\n\\","<!-- utility2-comment\\n\\","<div id=\"ajaxProgressDiv1\" style=\"background: #d00; height: 2px; left: 0; margin: 0; padding: 0; position: fixed; top: 0; transition: background 0.5s, width 1.5s; width: 25%;\"></div>\\n\\","utility2-comment -->\\n\\","<h1>\\n\\","<!-- utility2-comment\\n\\","    <a\\n\\","        {{#if env.npm_package_homepage}}\\n\\","        href=\"{{env.npm_package_homepage}}\"\\n\\","        {{/if env.npm_package_homepage}}\\n\\","        target=\"_blank\"\\n\\","    >\\n\\","utility2-comment -->\\n\\","        {{env.npm_package_name}} (v{{env.npm_package_version}})\\n\\","<!-- utility2-comment\\n\\","    </a>\\n\\","utility2-comment -->\\n\\","</h1>\\n\\","<h3>{{env.npm_package_description}}</h3>\\n\\","<!-- utility2-comment\\n\\","<h4><a download href=\"assets.app.js\">download standalone app</a></h4>\\n\\","<button class=\"onclick onreset\" id=\"testRunButton1\">run internal test</button><br>\\n\\","<div id=\"testReportDiv1\" style=\"display: none;\"></div>\\n\\","utility2-comment -->\\n\\","\\n\\","\\n\\","\\n\\","<label>stderr and stdout</label>\\n\\","<textarea class=\"resettable\" id=\"outputTextareaStdout1\" readonly></textarea>\\n\\","<!-- utility2-comment\\n\\","{{#if isRollup}}\\n\\","<script src=\"assets.app.js\"></script>\\n\\","{{#unless isRollup}}\\n\\","utility2-comment -->\\n\\","<script src=\"assets.utility2.rollup.js\"></script>\\n\\","<script src=\"jsonp.utility2._stateInit?callback=window.utility2._stateInit\"></script>\\n\\","<script src=\"assets.npmtest_pdfmake.rollup.js\"></script>\\n\\","<script src=\"assets.example.js\"></script>\\n\\","<script src=\"assets.test.js\"></script>\\n\\","<!-- utility2-comment\\n\\","{{/if isRollup}}\\n\\","utility2-comment -->\\n\\","<div class=\"utility2FooterDiv\">\\n\\","    [ this app was created with\\n\\","    <a href=\"https://github.com/kaizhu256/node-utility2\" target=\"_blank\">utility2</a>\\n\\","    ]\\n\\","</div>\\n\\","</body>\\n\\","</html>\\n\\","';","        /* jslint-ignore-end */","        if (local.templateRender) {","            local.assetsDict['/'] = local.templateRender(","                local.assetsDict['/assets.index.template.html'],","                {","                    env: local.objectSetDefault(local.env, {","                        npm_package_description: 'the greatest app in the world!',","                        npm_package_name: 'my-app',","                        npm_package_nameAlias: 'my_app',","                        npm_package_version: '0.0.1'","                    })","                }","            );","        } else {","            local.assetsDict['/'] = local.assetsDict['/assets.index.template.html']","                .replace((/\\{\\{env\\.(\\w+?)\\}\\}/g), function (match0, match1) {","                    // jslint-hack","                    String(match0);","                    switch (match1) {","                    case 'npm_package_description':","                        return 'the greatest app in the world!';","                    case 'npm_package_name':","                        return 'my-app';","                    case 'npm_package_nameAlias':","                        return 'my_app';","                    case 'npm_package_version':","                        return '0.0.1';","                    }","                });","        }","        // run the cli","        if (local.global.utility2_rollup || module !== require.main) {","            break;","        }","        local.assetsDict['/assets.example.js'] =","            local.assetsDict['/assets.example.js'] ||","            local.fs.readFileSync(__filename, 'utf8');","        local.assetsDict['/assets.npmtest_pdfmake.rollup.js'] =","            local.assetsDict['/assets.npmtest_pdfmake.rollup.js'] ||","            local.fs.readFileSync(","                // buildCustomOrg-hack","                local.npmtest_pdfmake.__dirname +","                    '/lib.npmtest_pdfmake.js',","                'utf8'","            ).replace((/^#!/), '//');","        local.assetsDict['/favicon.ico'] = local.assetsDict['/favicon.ico'] || '';","        // if $npm_config_timeout_exit exists,","        // then exit this process after $npm_config_timeout_exit ms","        if (Number(process.env.npm_config_timeout_exit)) {","            setTimeout(process.exit, Number(process.env.npm_config_timeout_exit));","        }","        // start server","        if (local.global.utility2_serverHttp1) {","            break;","        }","        process.env.PORT = process.env.PORT || '8081';","        console.error('server starting on port ' + process.env.PORT);","        local.http.createServer(function (request, response) {","            request.urlParsed = local.url.parse(request.url);","            if (local.assetsDict[request.urlParsed.pathname] !== undefined) {","                response.end(local.assetsDict[request.urlParsed.pathname]);","                return;","            }","            response.statusCode = 404;","            response.end();","        }).listen(process.env.PORT);","        break;","    }","}());",""],"l":{"26":2,"28":2,"33":2,"35":2,"37":2,"38":2,"39":2,"44":1,"51":2,"55":2,"59":2,"61":2,"69":1,"70":2,"76":2,"79":2,"82":2,"83":2,"85":1,"89":2,"92":1,"93":1,"94":1,"96":1,"97":1,"100":1,"101":1,"103":1,"106":1,"108":2,"114":1,"116":1,"118":1,"123":1,"124":2,"125":2,"126":2,"127":2,"128":2,"129":2,"130":1,"133":2,"134":2,"139":2,"143":1,"144":3,"145":1,"149":1,"150":1,"158":1,"160":1,"161":1,"162":1,"164":1,"166":1,"258":1,"259":1,"271":1,"274":6,"275":6,"277":1,"279":2,"281":1,"283":2,"288":1,"289":1,"291":1,"294":1,"302":1,"305":1,"306":1,"309":1,"310":1,"312":1,"313":1,"314":1,"315":1,"316":1,"317":1,"318":1,"320":1,"321":1,"323":1}},"/home/travis/build/npmtest/node-npmtest-pdfmake/node_modules/pdfmake/src/printer.js":{"path":"/home/travis/build/npmtest/node-npmtest-pdfmake/node_modules/pdfmake/src/printer.js","s":{"1":1,"2":1,"3":1,"4":1,"5":1,"6":1,"7":1,"8":1,"9":1,"10":0,"11":1,"12":0,"13":0,"14":0,"15":0,"16":0,"17":0,"18":0,"19":0,"20":0,"21":0,"22":0,"23":0,"24":0,"25":0,"26":0,"27":0,"28":0,"29":0,"30":0,"31":0,"32":0,"33":0,"34":0,"35":1,"36":0,"37":0,"38":0,"39":0,"40":0,"41":0,"42":0,"43":0,"44":0,"45":1,"46":1,"47":0,"48":0,"49":0,"50":0,"51":0,"52":0,"53":0,"54":0,"55":0,"56":0,"57":0,"58":1,"59":1,"60":0,"61":0,"62":0,"63":0,"64":0,"65":0,"66":0,"67":0,"68":0,"69":0,"70":0,"71":1,"72":0,"73":0,"74":0,"75":0,"76":0,"77":0,"78":0,"79":0,"80":0,"81":0,"82":0,"83":1,"84":0,"85":0,"86":0,"87":0,"88":0,"89":0,"90":0,"91":0,"92":0,"93":0,"94":0,"95":0,"96":0,"97":0,"98":0,"99":0,"100":0,"101":0,"102":1,"103":0,"104":0,"105":0,"106":0,"107":0,"108":0,"109":1,"110":0,"111":0,"112":0,"113":0,"114":0,"115":1,"116":0,"117":0,"118":0,"119":0,"120":0,"121":0,"122":0,"123":0,"124":0,"125":0,"126":0,"127":0,"128":0,"129":0,"130":0,"131":0,"132":0,"133":0,"134":0,"135":0,"136":0,"137":0,"138":0,"139":0,"140":1,"141":0,"142":0,"143":0,"144":0,"145":0,"146":0,"147":0,"148":0,"149":0,"150":0,"151":0,"152":0,"153":0,"154":0,"155":1,"156":0,"157":0,"158":0,"159":0,"160":0,"161":0,"162":0,"163":0,"164":0,"165":0,"166":0,"167":0,"168":1,"169":0,"170":0,"171":0,"172":0,"173":0,"174":0,"175":0,"176":0,"177":0,"178":0,"179":0,"180":0,"181":0,"182":0,"183":0,"184":0,"185":0,"186":0,"187":0,"188":0,"189":0,"190":0,"191":0,"192":0,"193":0,"194":0,"195":0,"196":0,"197":0,"198":0,"199":0,"200":0,"201":0,"202":0,"203":0,"204":0,"205":0,"206":0,"207":0,"208":1,"209":0,"210":0,"211":0,"212":1,"213":1},"b":{"1":[0,0],"2":[0,0],"3":[0,0],"4":[0,0],"5":[0,0],"6":[0,0],"7":[0,0],"8":[0,0],"9":[0,0],"10":[0,0],"11":[0,0],"12":[0,0],"13":[0,0],"14":[0,0],"15":[0,0],"16":[0,0],"17":[0,0],"18":[0,0],"19":[0,0],"20":[0,0],"21":[0,0],"22":[0,0],"23":[0,0],"24":[0,0,0,0],"25":[0,0],"26":[0,0],"27":[0,0],"28":[0,0],"29":[0,0],"30":[0,0],"31":[0,0],"32":[0,0],"33":[0,0],"34":[0,0],"35":[0,0],"36":[0,0,0],"37":[0,0],"38":[0,0],"39":[0,0],"40":[0,0],"41":[0,0],"42":[0,0],"43":[0,0],"44":[0,0],"45":[0,0],"46":[0,0],"47":[0,0],"48":[0,0],"49":[0,0],"50":[0,0],"51":[0,0],"52":[0,0],"53":[0,0],"54":[0,0],"55":[0,0],"56":[0,0],"57":[0,0,0],"58":[0,0],"59":[0,0],"60":[0,0],"61":[0,0],"62":[0,0],"63":[0,0],"64":[0,0],"65":[0,0],"66":[0,0],"67":[0,0],"68":[0,0],"69":[0,0,0,0],"70":[0,0],"71":[0,0],"72":[0,0],"73":[0,0],"74":[0,0],"75":[0,0,0],"76":[0,0],"77":[0,0],"78":[0,0],"79":[0,0],"80":[0,0]},"f":{"1":0,"2":0,"3":0,"4":0,"5":0,"6":0,"7":0,"8":0,"9":0,"10":0,"11":0,"12":0,"13":0,"14":0,"15":0,"16":0,"17":0,"18":0,"19":0,"20":0,"21":0,"22":0,"23":0,"24":0,"25":0,"26":0,"27":0,"28":0,"29":0,"30":0,"31":0,"32":0,"33":0},"fnMap":{"1":{"name":"PdfPrinter","line":34,"loc":{"start":{"line":34,"column":0},"end":{"line":34,"column":37}}},"2":{"name":"(anonymous_2)","line":81,"loc":{"start":{"line":81,"column":44},"end":{"line":81,"column":78}}},"3":{"name":"setMetadata","line":127,"loc":{"start":{"line":127,"column":0},"end":{"line":127,"column":47}}},"4":{"name":"calculatePageHeight","line":144,"loc":{"start":{"line":144,"column":0},"end":{"line":144,"column":45}}},"5":{"name":"getItemHeight","line":145,"loc":{"start":{"line":145,"column":1},"end":{"line":145,"column":30}}},"6":{"name":"(anonymous_6)","line":158,"loc":{"start":{"line":158,"column":15},"end":{"line":158,"column":31}}},"7":{"name":"(anonymous_7)","line":159,"loc":{"start":{"line":159,"column":21},"end":{"line":159,"column":37}}},"8":{"name":"fixPageSize","line":166,"loc":{"start":{"line":166,"column":0},"end":{"line":166,"column":48}}},"9":{"name":"isNeedSwapPageSizes","line":167,"loc":{"start":{"line":167,"column":1},"end":{"line":167,"column":47}}},"10":{"name":"fixPageMargins","line":189,"loc":{"start":{"line":189,"column":0},"end":{"line":189,"column":32}}},"11":{"name":"registerDefaultTableLayouts","line":209,"loc":{"start":{"line":209,"column":0},"end":{"line":209,"column":52}}},"12":{"name":"(anonymous_12)","line":213,"loc":{"start":{"line":213,"column":15},"end":{"line":213,"column":28}}},"13":{"name":"(anonymous_13)","line":216,"loc":{"start":{"line":216,"column":15},"end":{"line":216,"column":28}}},"14":{"name":"(anonymous_14)","line":219,"loc":{"start":{"line":219,"column":16},"end":{"line":219,"column":29}}},"15":{"name":"(anonymous_15)","line":222,"loc":{"start":{"line":222,"column":17},"end":{"line":222,"column":36}}},"16":{"name":"(anonymous_16)","line":227,"loc":{"start":{"line":227,"column":15},"end":{"line":227,"column":34}}},"17":{"name":"(anonymous_17)","line":233,"loc":{"start":{"line":233,"column":15},"end":{"line":233,"column":28}}},"18":{"name":"(anonymous_18)","line":236,"loc":{"start":{"line":236,"column":16},"end":{"line":236,"column":29}}},"19":{"name":"(anonymous_19)","line":239,"loc":{"start":{"line":239,"column":17},"end":{"line":239,"column":36}}},"20":{"name":"(anonymous_20)","line":244,"loc":{"start":{"line":244,"column":15},"end":{"line":244,"column":34}}},"21":{"name":"(anonymous_21)","line":250,"loc":{"start":{"line":250,"column":15},"end":{"line":250,"column":28}}},"22":{"name":"(anonymous_22)","line":253,"loc":{"start":{"line":253,"column":15},"end":{"line":253,"column":28}}},"23":{"name":"(anonymous_23)","line":256,"loc":{"start":{"line":256,"column":16},"end":{"line":256,"column":29}}},"24":{"name":"(anonymous_24)","line":259,"loc":{"start":{"line":259,"column":17},"end":{"line":259,"column":36}}},"25":{"name":"pageSize2widthAndHeight","line":266,"loc":{"start":{"line":266,"column":0},"end":{"line":266,"column":43}}},"26":{"name":"updatePageOrientationInOptions","line":278,"loc":{"start":{"line":278,"column":0},"end":{"line":278,"column":64}}},"27":{"name":"renderPages","line":288,"loc":{"start":{"line":288,"column":0},"end":{"line":288,"column":71}}},"28":{"name":"(anonymous_28)","line":292,"loc":{"start":{"line":292,"column":53},"end":{"line":292,"column":69}}},"29":{"name":"(anonymous_29)","line":296,"loc":{"start":{"line":296,"column":40},"end":{"line":296,"column":52}}},"30":{"name":"renderLine","line":327,"loc":{"start":{"line":327,"column":0},"end":{"line":327,"column":43}}},"31":{"name":"renderWatermark","line":357,"loc":{"start":{"line":357,"column":0},"end":{"line":357,"column":42}}},"32":{"name":"renderVector","line":378,"loc":{"start":{"line":378,"column":0},"end":{"line":378,"column":41}}},"33":{"name":"renderImage","line":448,"loc":{"start":{"line":448,"column":0},"end":{"line":448,"column":45}}}},"statementMap":{"1":{"start":{"line":4,"column":0},"end":{"line":4,"column":26}},"2":{"start":{"line":5,"column":0},"end":{"line":5,"column":45}},"3":{"start":{"line":6,"column":0},"end":{"line":6,"column":47}},"4":{"start":{"line":7,"column":0},"end":{"line":7,"column":31}},"5":{"start":{"line":8,"column":0},"end":{"line":8,"column":43}},"6":{"start":{"line":9,"column":0},"end":{"line":9,"column":45}},"7":{"start":{"line":10,"column":0},"end":{"line":10,"column":47}},"8":{"start":{"line":12,"column":0},"end":{"line":12,"column":15}},"9":{"start":{"line":34,"column":0},"end":{"line":36,"column":1}},"10":{"start":{"line":35,"column":1},"end":{"line":35,"column":40}},"11":{"start":{"line":81,"column":0},"end":{"line":125,"column":2}},"12":{"start":{"line":82,"column":1},"end":{"line":82,"column":25}},"13":{"start":{"line":84,"column":1},"end":{"line":84,"column":83}},"14":{"start":{"line":86,"column":1},"end":{"line":86,"column":136}},"15":{"start":{"line":87,"column":1},"end":{"line":87,"column":44}},"16":{"start":{"line":89,"column":1},"end":{"line":89,"column":76}},"17":{"start":{"line":91,"column":1},"end":{"line":91,"column":51}},"18":{"start":{"line":93,"column":1},"end":{"line":93,"column":148}},"19":{"start":{"line":95,"column":1},"end":{"line":95,"column":38}},"20":{"start":{"line":96,"column":1},"end":{"line":98,"column":2}},"21":{"start":{"line":97,"column":2},"end":{"line":97,"column":53}},"22":{"start":{"line":100,"column":1},"end":{"line":100,"column":316}},"23":{"start":{"line":101,"column":1},"end":{"line":101,"column":57}},"24":{"start":{"line":102,"column":1},"end":{"line":104,"column":2}},"25":{"start":{"line":103,"column":2},"end":{"line":103,"column":41}},"26":{"start":{"line":108,"column":1},"end":{"line":111,"column":2}},"27":{"start":{"line":109,"column":2},"end":{"line":109,"column":73}},"28":{"start":{"line":110,"column":2},"end":{"line":110,"column":61}},"29":{"start":{"line":113,"column":1},"end":{"line":113,"column":81}},"30":{"start":{"line":115,"column":1},"end":{"line":123,"column":2}},"31":{"start":{"line":116,"column":2},"end":{"line":120,"column":5}},"32":{"start":{"line":121,"column":2},"end":{"line":121,"column":56}},"33":{"start":{"line":122,"column":2},"end":{"line":122,"column":23}},"34":{"start":{"line":124,"column":1},"end":{"line":124,"column":23}},"35":{"start":{"line":127,"column":0},"end":{"line":142,"column":1}},"36":{"start":{"line":128,"column":1},"end":{"line":128,"column":37}},"37":{"start":{"line":129,"column":1},"end":{"line":129,"column":36}},"38":{"start":{"line":133,"column":1},"end":{"line":141,"column":2}},"39":{"start":{"line":134,"column":2},"end":{"line":134,"column":32}},"40":{"start":{"line":136,"column":2},"end":{"line":136,"column":56}},"41":{"start":{"line":137,"column":2},"end":{"line":137,"column":59}},"42":{"start":{"line":138,"column":2},"end":{"line":138,"column":62}},"43":{"start":{"line":139,"column":2},"end":{"line":139,"column":65}},"44":{"start":{"line":140,"column":2},"end":{"line":140,"column":77}},"45":{"start":{"line":144,"column":0},"end":{"line":164,"column":1}},"46":{"start":{"line":145,"column":1},"end":{"line":154,"column":2}},"47":{"start":{"line":146,"column":2},"end":{"line":153,"column":3}},"48":{"start":{"line":147,"column":3},"end":{"line":147,"column":32}},"49":{"start":{"line":148,"column":9},"end":{"line":153,"column":3}},"50":{"start":{"line":149,"column":3},"end":{"line":149,"column":28}},"51":{"start":{"line":152,"column":3},"end":{"line":152,"column":12}},"52":{"start":{"line":156,"column":1},"end":{"line":156,"column":50}},"53":{"start":{"line":157,"column":1},"end":{"line":157,"column":53}},"54":{"start":{"line":158,"column":1},"end":{"line":162,"column":4}},"55":{"start":{"line":159,"column":2},"end":{"line":161,"column":5}},"56":{"start":{"line":160,"column":3},"end":{"line":160,"column":33}},"57":{"start":{"line":163,"column":1},"end":{"line":163,"column":15}},"58":{"start":{"line":166,"column":0},"end":{"line":187,"column":1}},"59":{"start":{"line":167,"column":1},"end":{"line":174,"column":2}},"60":{"start":{"line":168,"column":2},"end":{"line":172,"column":3}},"61":{"start":{"line":169,"column":3},"end":{"line":169,"column":51}},"62":{"start":{"line":170,"column":3},"end":{"line":171,"column":70}},"63":{"start":{"line":173,"column":2},"end":{"line":173,"column":15}},"64":{"start":{"line":177,"column":1},"end":{"line":179,"column":2}},"65":{"start":{"line":178,"column":2},"end":{"line":178,"column":29}},"66":{"start":{"line":181,"column":1},"end":{"line":181,"column":54}},"67":{"start":{"line":182,"column":1},"end":{"line":184,"column":2}},"68":{"start":{"line":183,"column":2},"end":{"line":183,"column":50}},"69":{"start":{"line":185,"column":1},"end":{"line":185,"column":72}},"70":{"start":{"line":186,"column":1},"end":{"line":186,"column":13}},"71":{"start":{"line":189,"column":0},"end":{"line":207,"column":1}},"72":{"start":{"line":190,"column":1},"end":{"line":192,"column":2}},"73":{"start":{"line":191,"column":2},"end":{"line":191,"column":14}},"74":{"start":{"line":194,"column":1},"end":{"line":204,"column":2}},"75":{"start":{"line":195,"column":2},"end":{"line":195,"column":70}},"76":{"start":{"line":196,"column":8},"end":{"line":204,"column":2}},"77":{"start":{"line":197,"column":2},"end":{"line":203,"column":3}},"78":{"start":{"line":198,"column":3},"end":{"line":198,"column":83}},"79":{"start":{"line":199,"column":9},"end":{"line":203,"column":3}},"80":{"start":{"line":200,"column":3},"end":{"line":200,"column":83}},"81":{"start":{"line":202,"column":3},"end":{"line":202,"column":42}},"82":{"start":{"line":206,"column":1},"end":{"line":206,"column":15}},"83":{"start":{"line":209,"column":0},"end":{"line":264,"column":1}},"84":{"start":{"line":211,"column":1},"end":{"line":263,"column":4}},"85":{"start":{"line":214,"column":4},"end":{"line":214,"column":13}},"86":{"start":{"line":217,"column":4},"end":{"line":217,"column":13}},"87":{"start":{"line":220,"column":4},"end":{"line":220,"column":23}},"88":{"start":{"line":223,"column":4},"end":{"line":223,"column":54}},"89":{"start":{"line":228,"column":4},"end":{"line":230,"column":5}},"90":{"start":{"line":229,"column":5},"end":{"line":229,"column":14}},"91":{"start":{"line":231,"column":4},"end":{"line":231,"column":49}},"92":{"start":{"line":234,"column":4},"end":{"line":234,"column":13}},"93":{"start":{"line":237,"column":4},"end":{"line":237,"column":27}},"94":{"start":{"line":240,"column":4},"end":{"line":240,"column":56}},"95":{"start":{"line":245,"column":4},"end":{"line":247,"column":5}},"96":{"start":{"line":246,"column":5},"end":{"line":246,"column":14}},"97":{"start":{"line":248,"column":4},"end":{"line":248,"column":49}},"98":{"start":{"line":251,"column":4},"end":{"line":251,"column":13}},"99":{"start":{"line":254,"column":4},"end":{"line":254,"column":38}},"100":{"start":{"line":257,"column":4},"end":{"line":257,"column":27}},"101":{"start":{"line":260,"column":4},"end":{"line":260,"column":56}},"102":{"start":{"line":266,"column":0},"end":{"line":276,"column":1}},"103":{"start":{"line":267,"column":1},"end":{"line":273,"column":2}},"104":{"start":{"line":268,"column":2},"end":{"line":268,"column":43}},"105":{"start":{"line":269,"column":2},"end":{"line":271,"column":3}},"106":{"start":{"line":270,"column":3},"end":{"line":270,"column":53}},"107":{"start":{"line":272,"column":2},"end":{"line":272,"column":43}},"108":{"start":{"line":275,"column":1},"end":{"line":275,"column":17}},"109":{"start":{"line":278,"column":0},"end":{"line":286,"column":1}},"110":{"start":{"line":279,"column":1},"end":{"line":279,"column":112}},"111":{"start":{"line":281,"column":1},"end":{"line":285,"column":2}},"112":{"start":{"line":282,"column":2},"end":{"line":282,"column":40}},"113":{"start":{"line":283,"column":2},"end":{"line":283,"column":41}},"114":{"start":{"line":284,"column":2},"end":{"line":284,"column":43}},"115":{"start":{"line":288,"column":0},"end":{"line":325,"column":1}},"116":{"start":{"line":289,"column":1},"end":{"line":289,"column":33}},"117":{"start":{"line":290,"column":1},"end":{"line":290,"column":21}},"118":{"start":{"line":292,"column":1},"end":{"line":294,"column":4}},"119":{"start":{"line":293,"column":2},"end":{"line":293,"column":27}},"120":{"start":{"line":295,"column":1},"end":{"line":295,"column":23}},"121":{"start":{"line":296,"column":1},"end":{"line":296,"column":55}},"122":{"start":{"line":298,"column":1},"end":{"line":324,"column":2}},"123":{"start":{"line":299,"column":2},"end":{"line":302,"column":3}},"124":{"start":{"line":300,"column":3},"end":{"line":300,"column":55}},"125":{"start":{"line":301,"column":3},"end":{"line":301,"column":40}},"126":{"start":{"line":304,"column":2},"end":{"line":304,"column":22}},"127":{"start":{"line":305,"column":2},"end":{"line":320,"column":3}},"128":{"start":{"line":306,"column":3},"end":{"line":306,"column":29}},"129":{"start":{"line":307,"column":3},"end":{"line":317,"column":4}},"130":{"start":{"line":309,"column":5},"end":{"line":309,"column":40}},"131":{"start":{"line":310,"column":5},"end":{"line":310,"column":11}},"132":{"start":{"line":312,"column":5},"end":{"line":312,"column":64}},"133":{"start":{"line":313,"column":5},"end":{"line":313,"column":11}},"134":{"start":{"line":315,"column":5},"end":{"line":315,"column":65}},"135":{"start":{"line":316,"column":5},"end":{"line":316,"column":11}},"136":{"start":{"line":318,"column":3},"end":{"line":318,"column":19}},"137":{"start":{"line":319,"column":3},"end":{"line":319,"column":48}},"138":{"start":{"line":321,"column":2},"end":{"line":323,"column":3}},"139":{"start":{"line":322,"column":3},"end":{"line":322,"column":36}},"140":{"start":{"line":327,"column":0},"end":{"line":355,"column":1}},"141":{"start":{"line":328,"column":1},"end":{"line":328,"column":12}},"142":{"start":{"line":329,"column":1},"end":{"line":329,"column":12}},"143":{"start":{"line":331,"column":1},"end":{"line":331,"column":35}},"144":{"start":{"line":332,"column":1},"end":{"line":332,"column":47}},"145":{"start":{"line":333,"column":1},"end":{"line":333,"column":43}},"146":{"start":{"line":335,"column":1},"end":{"line":335,"column":53}},"147":{"start":{"line":338,"column":1},"end":{"line":352,"column":2}},"148":{"start":{"line":339,"column":2},"end":{"line":339,"column":31}},"149":{"start":{"line":340,"column":2},"end":{"line":340,"column":97}},"150":{"start":{"line":342,"column":2},"end":{"line":342,"column":42}},"151":{"start":{"line":344,"column":2},"end":{"line":344,"column":32}},"152":{"start":{"line":345,"column":2},"end":{"line":345,"column":38}},"153":{"start":{"line":346,"column":2},"end":{"line":351,"column":5}},"154":{"start":{"line":354,"column":1},"end":{"line":354,"column":54}},"155":{"start":{"line":357,"column":0},"end":{"line":376,"column":1}},"156":{"start":{"line":358,"column":1},"end":{"line":358,"column":32}},"157":{"start":{"line":360,"column":1},"end":{"line":360,"column":33}},"158":{"start":{"line":361,"column":1},"end":{"line":361,"column":38}},"159":{"start":{"line":363,"column":1},"end":{"line":363,"column":18}},"160":{"start":{"line":365,"column":1},"end":{"line":365,"column":86}},"161":{"start":{"line":366,"column":1},"end":{"line":366,"column":90}},"162":{"start":{"line":368,"column":1},"end":{"line":368,"column":66}},"163":{"start":{"line":369,"column":1},"end":{"line":369,"column":68}},"164":{"start":{"line":371,"column":1},"end":{"line":371,"column":34}},"165":{"start":{"line":372,"column":1},"end":{"line":372,"column":45}},"166":{"start":{"line":373,"column":1},"end":{"line":373,"column":58}},"167":{"start":{"line":375,"column":1},"end":{"line":375,"column":21}},"168":{"start":{"line":378,"column":0},"end":{"line":446,"column":1}},"169":{"start":{"line":380,"column":1},"end":{"line":380,"column":44}},"170":{"start":{"line":381,"column":1},"end":{"line":385,"column":2}},"171":{"start":{"line":382,"column":2},"end":{"line":382,"column":118}},"172":{"start":{"line":384,"column":2},"end":{"line":384,"column":21}},"173":{"start":{"line":386,"column":1},"end":{"line":386,"column":48}},"174":{"start":{"line":387,"column":1},"end":{"line":387,"column":52}},"175":{"start":{"line":388,"column":1},"end":{"line":388,"column":48}},"176":{"start":{"line":392,"column":1},"end":{"line":437,"column":2}},"177":{"start":{"line":394,"column":3},"end":{"line":394,"column":63}},"178":{"start":{"line":395,"column":3},"end":{"line":395,"column":9}},"179":{"start":{"line":397,"column":3},"end":{"line":401,"column":4}},"180":{"start":{"line":398,"column":4},"end":{"line":398,"column":76}},"181":{"start":{"line":400,"column":4},"end":{"line":400,"column":59}},"182":{"start":{"line":403,"column":3},"end":{"line":412,"column":4}},"183":{"start":{"line":404,"column":4},"end":{"line":404,"column":95}},"184":{"start":{"line":405,"column":4},"end":{"line":405,"column":54}},"185":{"start":{"line":407,"column":4},"end":{"line":409,"column":5}},"186":{"start":{"line":408,"column":5},"end":{"line":408,"column":55}},"187":{"start":{"line":411,"column":4},"end":{"line":411,"column":28}},"188":{"start":{"line":413,"column":3},"end":{"line":413,"column":9}},"189":{"start":{"line":415,"column":3},"end":{"line":415,"column":42}},"190":{"start":{"line":416,"column":3},"end":{"line":416,"column":42}},"191":{"start":{"line":417,"column":3},"end":{"line":417,"column":9}},"192":{"start":{"line":419,"column":3},"end":{"line":421,"column":4}},"193":{"start":{"line":420,"column":4},"end":{"line":420,"column":10}},"194":{"start":{"line":423,"column":3},"end":{"line":423,"column":60}},"195":{"start":{"line":424,"column":3},"end":{"line":426,"column":4}},"196":{"start":{"line":425,"column":4},"end":{"line":425,"column":61}},"197":{"start":{"line":428,"column":3},"end":{"line":435,"column":4}},"198":{"start":{"line":429,"column":4},"end":{"line":429,"column":30}},"199":{"start":{"line":430,"column":4},"end":{"line":430,"column":53}},"200":{"start":{"line":432,"column":4},"end":{"line":434,"column":5}},"201":{"start":{"line":433,"column":5},"end":{"line":433,"column":27}},"202":{"start":{"line":436,"column":3},"end":{"line":436,"column":9}},"203":{"start":{"line":439,"column":1},"end":{"line":445,"column":2}},"204":{"start":{"line":440,"column":2},"end":{"line":440,"column":58}},"205":{"start":{"line":441,"column":8},"end":{"line":445,"column":2}},"206":{"start":{"line":442,"column":2},"end":{"line":442,"column":31}},"207":{"start":{"line":444,"column":2},"end":{"line":444,"column":48}},"208":{"start":{"line":448,"column":0},"end":{"line":453,"column":1}},"209":{"start":{"line":449,"column":1},"end":{"line":449,"column":94}},"210":{"start":{"line":450,"column":1},"end":{"line":452,"column":2}},"211":{"start":{"line":451,"column":2},"end":{"line":451,"column":76}},"212":{"start":{"line":455,"column":0},"end":{"line":455,"column":28}},"213":{"start":{"line":459,"column":0},"end":{"line":459,"column":40}}},"branchMap":{"1":{"line":82,"type":"binary-expr","locations":[{"start":{"line":82,"column":11},"end":{"line":82,"column":18}},{"start":{"line":82,"column":22},"end":{"line":82,"column":24}}]},"2":{"line":86,"type":"binary-expr","locations":[{"start":{"line":86,"column":103},"end":{"line":86,"column":125}},{"start":{"line":86,"column":129},"end":{"line":86,"column":133}}]},"3":{"line":91,"type":"binary-expr","locations":[{"start":{"line":91,"column":24},"end":{"line":91,"column":44}},{"start":{"line":91,"column":48},"end":{"line":91,"column":50}}]},"4":{"line":93,"type":"binary-expr","locations":[{"start":{"line":93,"column":58},"end":{"line":93,"column":83}},{"start":{"line":93,"column":87},"end":{"line":93,"column":89}}]},"5":{"line":96,"type":"if","locations":[{"start":{"line":96,"column":1},"end":{"line":96,"column":1}},{"start":{"line":96,"column":1},"end":{"line":96,"column":1}}]},"6":{"line":100,"type":"binary-expr","locations":[{"start":{"line":100,"column":78},"end":{"line":100,"column":98}},{"start":{"line":100,"column":102},"end":{"line":100,"column":104}}]},"7":{"line":100,"type":"binary-expr","locations":[{"start":{"line":100,"column":106},"end":{"line":100,"column":132}},{"start":{"line":100,"column":136},"end":{"line":100,"column":166}}]},"8":{"line":101,"type":"binary-expr","locations":[{"start":{"line":101,"column":22},"end":{"line":101,"column":50}},{"start":{"line":101,"column":54},"end":{"line":101,"column":56}}]},"9":{"line":102,"type":"if","locations":[{"start":{"line":102,"column":1},"end":{"line":102,"column":1}},{"start":{"line":102,"column":1},"end":{"line":102,"column":1}}]},"10":{"line":102,"type":"binary-expr","locations":[{"start":{"line":102,"column":5},"end":{"line":102,"column":39}},{"start":{"line":102,"column":43},"end":{"line":102,"column":62}}]},"11":{"line":108,"type":"if","locations":[{"start":{"line":108,"column":1},"end":{"line":108,"column":1}},{"start":{"line":108,"column":1},"end":{"line":108,"column":1}}]},"12":{"line":115,"type":"if","locations":[{"start":{"line":115,"column":1},"end":{"line":115,"column":1}},{"start":{"line":115,"column":1},"end":{"line":115,"column":1}}]},"13":{"line":133,"type":"if","locations":[{"start":{"line":133,"column":1},"end":{"line":133,"column":1}},{"start":{"line":133,"column":1},"end":{"line":133,"column":1}}]},"14":{"line":136,"type":"cond-expr","locations":[{"start":{"line":136,"column":38},"end":{"line":136,"column":48}},{"start":{"line":136,"column":51},"end":{"line":136,"column":55}}]},"15":{"line":137,"type":"cond-expr","locations":[{"start":{"line":137,"column":40},"end":{"line":137,"column":51}},{"start":{"line":137,"column":54},"end":{"line":137,"column":58}}]},"16":{"line":138,"type":"cond-expr","locations":[{"start":{"line":138,"column":42},"end":{"line":138,"column":54}},{"start":{"line":138,"column":57},"end":{"line":138,"column":61}}]},"17":{"line":139,"type":"cond-expr","locations":[{"start":{"line":139,"column":44},"end":{"line":139,"column":57}},{"start":{"line":139,"column":60},"end":{"line":139,"column":64}}]},"18":{"line":140,"type":"cond-expr","locations":[{"start":{"line":140,"column":52},"end":{"line":140,"column":69}},{"start":{"line":140,"column":72},"end":{"line":140,"column":76}}]},"19":{"line":146,"type":"if","locations":[{"start":{"line":146,"column":2},"end":{"line":146,"column":2}},{"start":{"line":146,"column":2},"end":{"line":146,"column":2}}]},"20":{"line":148,"type":"if","locations":[{"start":{"line":148,"column":9},"end":{"line":148,"column":9}},{"start":{"line":148,"column":9},"end":{"line":148,"column":9}}]},"21":{"line":156,"type":"binary-expr","locations":[{"start":{"line":156,"column":35},"end":{"line":156,"column":42}},{"start":{"line":156,"column":46},"end":{"line":156,"column":48}}]},"22":{"line":168,"type":"if","locations":[{"start":{"line":168,"column":2},"end":{"line":168,"column":2}},{"start":{"line":168,"column":2},"end":{"line":168,"column":2}}]},"23":{"line":168,"type":"binary-expr","locations":[{"start":{"line":168,"column":6},"end":{"line":168,"column":41}},{"start":{"line":168,"column":45},"end":{"line":168,"column":78}}]},"24":{"line":170,"type":"binary-expr","locations":[{"start":{"line":170,"column":12},"end":{"line":170,"column":42}},{"start":{"line":170,"column":48},"end":{"line":170,"column":72}},{"start":{"line":171,"column":6},"end":{"line":171,"column":37}},{"start":{"line":171,"column":43},"end":{"line":171,"column":67}}]},"25":{"line":177,"type":"if","locations":[{"start":{"line":177,"column":1},"end":{"line":177,"column":1}},{"start":{"line":177,"column":1},"end":{"line":177,"column":1}}]},"26":{"line":177,"type":"binary-expr","locations":[{"start":{"line":177,"column":5},"end":{"line":177,"column":13}},{"start":{"line":177,"column":17},"end":{"line":177,"column":43}}]},"27":{"line":181,"type":"binary-expr","locations":[{"start":{"line":181,"column":36},"end":{"line":181,"column":44}},{"start":{"line":181,"column":48},"end":{"line":181,"column":52}}]},"28":{"line":182,"type":"if","locations":[{"start":{"line":182,"column":1},"end":{"line":182,"column":1}},{"start":{"line":182,"column":1},"end":{"line":182,"column":1}}]},"29":{"line":185,"type":"cond-expr","locations":[{"start":{"line":185,"column":47},"end":{"line":185,"column":58}},{"start":{"line":185,"column":61},"end":{"line":185,"column":71}}]},"30":{"line":190,"type":"if","locations":[{"start":{"line":190,"column":1},"end":{"line":190,"column":1}},{"start":{"line":190,"column":1},"end":{"line":190,"column":1}}]},"31":{"line":194,"type":"if","locations":[{"start":{"line":194,"column":1},"end":{"line":194,"column":1}},{"start":{"line":194,"column":1},"end":{"line":194,"column":1}}]},"32":{"line":194,"type":"binary-expr","locations":[{"start":{"line":194,"column":5},"end":{"line":194,"column":31}},{"start":{"line":194,"column":35},"end":{"line":194,"column":59}}]},"33":{"line":196,"type":"if","locations":[{"start":{"line":196,"column":8},"end":{"line":196,"column":8}},{"start":{"line":196,"column":8},"end":{"line":196,"column":8}}]},"34":{"line":197,"type":"if","locations":[{"start":{"line":197,"column":2},"end":{"line":197,"column":2}},{"start":{"line":197,"column":2},"end":{"line":197,"column":2}}]},"35":{"line":199,"type":"if","locations":[{"start":{"line":199,"column":9},"end":{"line":199,"column":9}},{"start":{"line":199,"column":9},"end":{"line":199,"column":9}}]},"36":{"line":220,"type":"binary-expr","locations":[{"start":{"line":220,"column":11},"end":{"line":220,"column":12}},{"start":{"line":220,"column":16},"end":{"line":220,"column":17}},{"start":{"line":220,"column":21},"end":{"line":220,"column":22}}]},"37":{"line":223,"type":"cond-expr","locations":[{"start":{"line":223,"column":48},"end":{"line":223,"column":49}},{"start":{"line":223,"column":52},"end":{"line":223,"column":53}}]},"38":{"line":228,"type":"if","locations":[{"start":{"line":228,"column":4},"end":{"line":228,"column":4}},{"start":{"line":228,"column":4},"end":{"line":228,"column":4}}]},"39":{"line":228,"type":"binary-expr","locations":[{"start":{"line":228,"column":8},"end":{"line":228,"column":15}},{"start":{"line":228,"column":19},"end":{"line":228,"column":47}}]},"40":{"line":231,"type":"cond-expr","locations":[{"start":{"line":231,"column":43},"end":{"line":231,"column":44}},{"start":{"line":231,"column":47},"end":{"line":231,"column":48}}]},"41":{"line":237,"type":"cond-expr","locations":[{"start":{"line":237,"column":21},"end":{"line":237,"column":22}},{"start":{"line":237,"column":25},"end":{"line":237,"column":26}}]},"42":{"line":240,"type":"cond-expr","locations":[{"start":{"line":240,"column":50},"end":{"line":240,"column":51}},{"start":{"line":240,"column":54},"end":{"line":240,"column":55}}]},"43":{"line":245,"type":"if","locations":[{"start":{"line":245,"column":4},"end":{"line":245,"column":4}},{"start":{"line":245,"column":4},"end":{"line":245,"column":4}}]},"44":{"line":245,"type":"binary-expr","locations":[{"start":{"line":245,"column":8},"end":{"line":245,"column":15}},{"start":{"line":245,"column":19},"end":{"line":245,"column":47}}]},"45":{"line":248,"type":"cond-expr","locations":[{"start":{"line":248,"column":43},"end":{"line":248,"column":44}},{"start":{"line":248,"column":47},"end":{"line":248,"column":48}}]},"46":{"line":254,"type":"cond-expr","locations":[{"start":{"line":254,"column":21},"end":{"line":254,"column":28}},{"start":{"line":254,"column":31},"end":{"line":254,"column":37}}]},"47":{"line":257,"type":"cond-expr","locations":[{"start":{"line":257,"column":21},"end":{"line":257,"column":22}},{"start":{"line":257,"column":25},"end":{"line":257,"column":26}}]},"48":{"line":260,"type":"cond-expr","locations":[{"start":{"line":260,"column":50},"end":{"line":260,"column":51}},{"start":{"line":260,"column":54},"end":{"line":260,"column":55}}]},"49":{"line":267,"type":"if","locations":[{"start":{"line":267,"column":1},"end":{"line":267,"column":1}},{"start":{"line":267,"column":1},"end":{"line":267,"column":1}}]},"50":{"line":267,"type":"binary-expr","locations":[{"start":{"line":267,"column":5},"end":{"line":267,"column":33}},{"start":{"line":267,"column":37},"end":{"line":267,"column":63}}]},"51":{"line":269,"type":"if","locations":[{"start":{"line":269,"column":2},"end":{"line":269,"column":2}},{"star
[...]
end":{"line":11,"column":53}}},"3":{"name":"realImageSrc","line":33,"loc":{"start":{"line":33,"column":1},"end":{"line":33,"column":28}}}},"statementMap":{"1":{"start":{"line":4,"column":0},"end":{"line":4,"column":42}},"2":{"start":{"line":6,"column":0},"end":{"line":9,"column":1}},"3":{"start":{"line":7,"column":1},"end":{"line":7,"column":28}},"4":{"start":{"line":8,"column":1},"end":{"line":8,"column":46}},"5":{"start":{"line":11,"column":0},"end":{"line":47,"column":2}},"6":{"start":{"line":12,"column":1},"end":{"line":12,"column":18}},"7":{"start":{"line":13,"column":1},"end":{"line":13,"column":17}},"8":{"start":{"line":15,"column":1},"end":{"line":29,"column":2}},"9":{"start":{"line":16,"column":2},"end":{"line":16,"column":47}},"10":{"start":{"line":17,"column":2},"end":{"line":21,"column":3}},"11":{"start":{"line":18,"column":3},"end":{"line":18,"column":51}},"12":{"start":{"line":20,"column":3},"end":{"line":20,"column":16}},"13":{"start":{"line":22,"column":2},"end":{"line":24,"column":3}},"14":{"start":{"line":23,"column":3},"end":{"line":23,"column":108}},"15":{"start":{"line":25,"column":2},"end":{"line":25,"column":30}},"16":{"start":{"line":26,"column":2},"end":{"line":26,"column":45}},"17":{"start":{"line":28,"column":2},"end":{"line":28,"column":45}},"18":{"start":{"line":31,"column":1},"end":{"line":31,"column":51}},"19":{"start":{"line":33,"column":1},"end":{"line":46,"column":2}},"20":{"start":{"line":34,"column":2},"end":{"line":34,"column":38}},"21":{"start":{"line":36,"column":2},"end":{"line":38,"column":3}},"22":{"start":{"line":37,"column":3},"end":{"line":37,"column":14}},"23":{"start":{"line":40,"column":2},"end":{"line":40,"column":37}},"24":{"start":{"line":41,"column":2},"end":{"line":43,"column":3}},"25":{"start":{"line":42,"column":3},"end":{"line":42,"column":36}},"26":{"start":{"line":45,"column":2},"end":{"line":45,"column":56}},"27":{"start":{"line":49,"column":0},"end":{"line":49,"column":30}}},"branchMap":{"1":{"line":8,"type":"binary-expr","locations":[{"start":{"line":8,"column":24},"end":{"line":8,"column":39}},{"start":{"line":8,"column":43},"end":{"line":8,"column":45}}]},"2":{"line":15,"type":"if","locations":[{"start":{"line":15,"column":1},"end":{"line":15,"column":1}},{"start":{"line":15,"column":1},"end":{"line":15,"column":1}}]},"3":{"line":22,"type":"if","locations":[{"start":{"line":22,"column":2},"end":{"line":22,"column":2}},{"start":{"line":22,"column":2},"end":{"line":22,"column":2}}]},"4":{"line":22,"type":"binary-expr","locations":[{"start":{"line":22,"column":6},"end":{"line":22,"column":20}},{"start":{"line":22,"column":24},"end":{"line":22,"column":43}}]},"5":{"line":36,"type":"if","locations":[{"start":{"line":36,"column":2},"end":{"line":36,"column":2}},{"start":{"line":36,"column":2},"end":{"line":36,"column":2}}]},"6":{"line":41,"type":"if","locations":[{"start":{"line":41,"column":2},"end":{"line":41,"column":2}},{"start":{"line":41,"column":2},"end":{"line":41,"column":2}}]}},"code":["/* jslint node: true */","'use strict';","","var PDFImage = require('pdfkit/js/image');","","function ImageMeasure(pdfKitDoc, imageDictionary) {","\tthis.pdfKitDoc = pdfKitDoc;","\tthis.imageDictionary = imageDictionary || {};","}","","ImageMeasure.prototype.measureImage = function (src) {","\tvar image, label;","\tvar that = this;","","\tif (!this.pdfKitDoc._imageRegistry[src]) {","\t\tlabel = 'I' + (++this.pdfKitDoc._imageCount);","\t\ttry {","\t\t\timage = PDFImage.open(realImageSrc(src), label);","\t\t} catch (error) {","\t\t\timage = null;","\t\t}","\t\tif (image === null || image === undefined) {","\t\t\tthrow 'invalid image, images dictionary should contain dataURL entries (or local file paths in node.js)';","\t\t}","\t\timage.embed(this.pdfKitDoc);","\t\tthis.pdfKitDoc._imageRegistry[src] = image;","\t} else {","\t\timage = this.pdfKitDoc._imageRegistry[src];","\t}","","\treturn {width: image.width, height: image.height};","","\tfunction realImageSrc(src) {","\t\tvar img = that.imageDictionary[src];","","\t\tif (!img) {","\t\t\treturn src;","\t\t}","","\t\tvar index = img.indexOf('base64,');","\t\tif (index < 0) {","\t\t\treturn that.imageDictionary[src];","\t\t}","","\t\treturn new Buffer(img.substring(index + 7), 'base64');","\t}","};","","module.exports = ImageMeasure;",""],"l":{"4":1,"6":1,"7":0,"8":0,"11":1,"12":0,"13":0,"15":0,"16":0,"17":0,"18":0,"20":0,"22":0,"23":0,"25":0,"26":0,"28":0,"31":0,"33":1,"34":0,"36":0,"37":0,"40":0,"41":0,"42":0,"45":0,"49":1}},"/home/travis/build/npmtest/node-npmtest-pdfmake/node_modules/pdfmake/src/textDecorator.js":{"path":"/home/travis/build/npmtest/node-npmtest-pdfmake/node_modules/pdfmake/src/textDecorator.js","s":{"1":1,"2":0,"3":0,"4":0,"5":0,"6":0,"7":0,"8":0,"9":0,"10":0,"11":0,"12":0,"13":0,"14":0,"15":0,"16":0,"17":0,"18":0,"19":1,"20":1,"21":0,"22":0,"23":0,"24":0,"25":0,"26":1,"27":0,"28":0,"29":0,"30":0,"31":0,"32":0,"33":0,"34":0,"35":0,"36":0,"37":0,"38":0,"39":0,"40":0,"41":0,"42":0,"43":0,"44":0,"45":0,"46":0,"47":0,"48":0,"49":0,"50":0,"51":0,"52":0,"53":0,"54":0,"55":0,"56":0,"57":0,"58":0,"59":0,"60":0,"61":0,"62":0,"63":0,"64":0,"65":0,"66":0,"67":0,"68":0,"69":0,"70":0,"71":0,"72":0,"73":0,"74":1,"75":0,"76":0,"77":0,"78":1,"79":0,"80":0,"81":0,"82":0,"83":0,"84":1},"b":{"1":[0,0],"2":[0,0,0],"3":[0,0],"4":[0,0],"5":[0,0],"6":[0,0,0,0,0],"7":[0,0],"8":[0,0,0,0],"9":[0,0],"10":[0,0],"11":[0,0],"12":[0,0],"13":[0,0]},"f":{"1":0,"2":0,"3":0,"4":0,"5":0,"6":0},"fnMap":{"1":{"name":"groupDecorations","line":4,"loc":{"start":{"line":4,"column":0},"end":{"line":4,"column":32}}},"2":{"name":"drawDecoration","line":39,"loc":{"start":{"line":39,"column":0},"end":{"line":39,"column":48}}},"3":{"name":"maxInline","line":40,"loc":{"start":{"line":40,"column":1},"end":{"line":40,"column":22}}},"4":{"name":"width","line":48,"loc":{"start":{"line":48,"column":1},"end":{"line":48,"column":18}}},"5":{"name":"drawDecorations","line":125,"loc":{"start":{"line":125,"column":0},"end":{"line":125,"column":48}}},"6":{"name":"drawBackground","line":132,"loc":{"start":{"line":132,"column":0},"end":{"line":132,"column":47}}}},"statementMap":{"1":{"start":{"line":4,"column":0},"end":{"line":37,"column":1}},"2":{"start":{"line":5,"column":1},"end":{"line":5,"column":34}},"3":{"start":{"line":6,"column":1},"end":{"line":34,"column":2}},"4":{"start":{"line":7,"column":2},"end":{"line":7,"column":31}},"5":{"start":{"line":8,"column":2},"end":{"line":8,"column":37}},"6":{"start":{"line":9,"column":2},"end":{"line":12,"column":3}},"7":{"start":{"line":10,"column":3},"end":{"line":10,"column":19}},"8":{"start":{"line":11,"column":3},"end":{"line":11,"column":12}},"9":{"start":{"line":13,"column":2},"end":{"line":13,"column":64}},"10":{"start":{"line":14,"column":2},"end":{"line":14,"column":48}},"11":{"start":{"line":15,"column":2},"end":{"line":15,"column":69}},"12":{"start":{"line":16,"column":2},"end":{"line":33,"column":3}},"13":{"start":{"line":17,"column":3},"end":{"line":17,"column":29}},"14":{"start":{"line":18,"column":3},"end":{"line":32,"column":4}},"15":{"start":{"line":22,"column":4},"end":{"line":28,"column":6}},"16":{"start":{"line":29,"column":4},"end":{"line":29,"column":26}},"17":{"start":{"line":31,"column":4},"end":{"line":31,"column":34}},"18":{"start":{"line":36,"column":1},"end":{"line":36,"column":15}},"19":{"start":{"line":39,"column":0},"end":{"line":123,"column":1}},"20":{"start":{"line":40,"column":1},"end":{"line":47,"column":2}},"21":{"start":{"line":41,"column":2},"end":{"line":41,"column":14}},"22":{"start":{"line":42,"column":2},"end":{"line":45,"column":3}},"23":{"start":{"line":43,"column":3},"end":{"line":43,"column":30}},"24":{"start":{"line":44,"column":3},"end":{"line":44,"column":38}},"25":{"start":{"line":46,"column":2},"end":{"line":46,"column":28}},"26":{"start":{"line":48,"column":1},"end":{"line":54,"column":2}},"27":{"start":{"line":49,"column":2},"end":{"line":49,"column":14}},"28":{"start":{"line":50,"column":2},"end":{"line":52,"column":3}},"29":{"start":{"line":51,"column":3},"end":{"line":51,"column":33}},"30":{"start":{"line":53,"column":2},"end":{"line":53,"column":13}},"31":{"start":{"line":55,"column":1},"end":{"line":61,"column":28}},"32":{"start":{"line":63,"column":1},"end":{"line":63,"column":78}},"33":{"start":{"line":65,"column":1},"end":{"line":77,"column":2}},"34":{"start":{"line":67,"column":3},"end":{"line":67,"column":36}},"35":{"start":{"line":68,"column":3},"end":{"line":68,"column":9}},"36":{"start":{"line":70,"column":3},"end":{"line":70,"column":37}},"37":{"start":{"line":71,"column":3},"end":{"line":71,"column":9}},"38":{"start":{"line":73,"column":3},"end":{"line":73,"column":37}},"39":{"start":{"line":74,"column":3},"end":{"line":74,"column":9}},"40":{"start":{"line":76,"column":3},"end":{"line":76,"column":51}},"41":{"start":{"line":78,"column":1},"end":{"line":78,"column":18}},"42":{"start":{"line":80,"column":1},"end":{"line":121,"column":2}},"43":{"start":{"line":81,"column":2},"end":{"line":81,"column":34}},"44":{"start":{"line":82,"column":2},"end":{"line":84,"column":73}},"45":{"start":{"line":85,"column":8},"end":{"line":121,"column":2}},"46":{"start":{"line":86,"column":2},"end":{"line":86,"column":55}},"47":{"start":{"line":87,"column":2},"end":{"line":87,"column":30}},"48":{"start":{"line":88,"column":2},"end":{"line":88,"column":48}},"49":{"start":{"line":89,"column":2},"end":{"line":89,"column":45}},"50":{"start":{"line":90,"column":2},"end":{"line":93,"column":3}},"51":{"start":{"line":91,"column":3},"end":{"line":91,"column":52}},"52":{"start":{"line":92,"column":3},"end":{"line":92,"column":22}},"53":{"start":{"line":94,"column":8},"end":{"line":121,"column":2}},"54":{"start":{"line":95,"column":2},"end":{"line":95,"column":48}},"55":{"start":{"line":96,"column":2},"end":{"line":96,"column":29}},"56":{"start":{"line":97,"column":2},"end":{"line":97,"column":47}},"57":{"start":{"line":98,"column":2},"end":{"line":98,"column":45}},"58":{"start":{"line":99,"column":2},"end":{"line":102,"column":3}},"59":{"start":{"line":100,"column":3},"end":{"line":100,"column":49}},"60":{"start":{"line":101,"column":3},"end":{"line":101,"column":18}},"61":{"start":{"line":103,"column":8},"end":{"line":121,"column":2}},"62":{"start":{"line":104,"column":2},"end":{"line":104,"column":23}},"63":{"start":{"line":105,"column":2},"end":{"line":105,"column":53}},"64":{"start":{"line":106,"column":2},"end":{"line":106,"column":34}},"65":{"start":{"line":107,"column":2},"end":{"line":107,"column":71}},"66":{"start":{"line":108,"column":2},"end":{"line":108,"column":28}},"67":{"start":{"line":109,"column":2},"end":{"line":109,"column":27}},"68":{"start":{"line":110,"column":2},"end":{"line":114,"column":3}},"69":{"start":{"line":111,"column":3},"end":{"line":112,"column":80}},"70":{"start":{"line":113,"column":3},"end":{"line":113,"column":17}},"71":{"start":{"line":115,"column":2},"end":{"line":115,"column":42}},"72":{"start":{"line":118,"column":2},"end":{"line":120,"column":11}},"73":{"start":{"line":122,"column":1},"end":{"line":122,"column":21}},"74":{"start":{"line":125,"column":0},"end":{"line":130,"column":1}},"75":{"start":{"line":126,"column":1},"end":{"line":126,"column":37}},"76":{"start":{"line":127,"column":1},"end":{"line":129,"column":2}},"77":{"start":{"line":128,"column":2},"end":{"line":128,"column":45}},"78":{"start":{"line":132,"column":0},"end":{"line":142,"column":1}},"79":{"start":{"line":133,"column":1},"end":{"line":133,"column":31}},"80":{"start":{"line":134,"column":1},"end":{"line":141,"column":2}},"81":{"start":{"line":135,"column":2},"end":{"line":135,"column":31}},"82":{"start":{"line":136,"column":2},"end":{"line":140,"column":3}},"83":{"start":{"line":137,"column":3},"end":{"line":139,"column":12}},"84":{"start":{"line":144,"column":0},"end":{"line":147,"column":2}}},"branchMap":{"1":{"line":9,"type":"if","locations":[{"start":{"line":9,"column":2},"end":{"line":9,"column":2}},{"start":{"line":9,"column":2},"end":{"line":9,"column":2}}]},"2":{"line":13,"type":"binary-expr","locations":[{"start":{"line":13,"column":14},"end":{"line":13,"column":36}},{"start":{"line":13,"column":40},"end":{"line":13,"column":52}},{"start":{"line":13,"column":56},"end":{"line":13,"column":63}}]},"3":{"line":14,"type":"binary-expr","locations":[{"start":{"line":14,"column":14},"end":{"line":14,"column":36}},{"start":{"line":14,"column":40},"end":{"line":14,"column":47}}]},"4":{"line":15,"type":"cond-expr","locations":[{"start":{"line":15,"column":43},"end":{"line":15,"column":53}},{"start":{"line":15,"column":56},"end":{"line":15,"column":68}}]},"5":{"line":18,"type":"if","locations":[{"start":{"line":18,"column":3},"end":{"line":18,"column":3}},{"start":{"line":18,"column":3},"end":{"line":18,"column":3}}]},"6":{"line":18,"type":"binary-expr","locations":[{"start":{"line":18,"column":7},"end":{"line":18,"column":16}},{"start":{"line":18,"column":20},"end":{"line":18,"column":48}},{"start":{"line":19,"column":4},"end":{"line":19,"column":38}},{"start":{"line":19,"column":42},"end":{"line":19,"column":76}},{"start":{"line":20,"column":4},"end":{"line":20,"column":26}}]},"7":{"line":44,"type":"cond-expr","locations":[{"start":{"line":44,"column":30},"end":{"line":44,"column":31}},{"start":{"line":44,"column":34},"end":{"line":44,"column":37}}]},"8":{"line":65,"type":"switch","locations":[{"start":{"line":66,"column":2},"end":{"line":68,"column":9}},{"start":{"line":69,"column":2},"end":{"line":71,"column":9}},{"start":{"line":72,"column":2},"end":{"line":74,"column":9}},{"start":{"line":75,"column":2},"end":{"line":76,"column":51}}]},"9":{"line":80,"type":"if","locations":[{"start":{"line":80,"column":1},"end":{"line":80,"column":1}},{"start":{"line":80,"column":1},"end":{"line":80,"column":1}}]},"10":{"line":85,"type":"if","locations":[{"start":{"line":85,"column":8},"end":{"line":85,"column":8}},{"start":{"line":85,"column":8},"end":{"line":85,"column":8}}]},"11":{"line":94,"type":"if","locations":[{"start":{"line":94,"column":8},"end":{"line":94,"column":8}},{"start":{"line":94,"column":8},"end":{"line":94,"column":8}}]},"12":{"line":103,"type":"if","locations":[{"start":{"line":103,"column":8},"end":{"line":103,"column":8}},{"start":{"line":103,"column":8},"end":{"line":103,"column":8}}]},"13":{"line":136,"type":"if","locations":[{"start":{"line":136,"column":2},"end":{"line":136,"column":2}},{"start":{"line":136,"column":2},"end":{"line":136,"column":2}}]}},"code":["/* jslint node: true */","'use strict';","","function groupDecorations(line) {","\tvar groups = [], curGroup = null;","\tfor (var i = 0, l = line.inlines.length; i < l; i++) {","\t\tvar inline = line.inlines[i];","\t\tvar decoration = inline.decoration;","\t\tif (!decoration) {","\t\t\tcurGroup = null;","\t\t\tcontinue;","\t\t}","\t\tvar color = inline.decorationColor || inline.color || 'black';","\t\tvar style = inline.decorationStyle || 'solid';","\t\tdecoration = Array.isArray(decoration) ? decoration : [decoration];","\t\tfor (var ii = 0, ll = decoration.length; ii < ll; ii++) {","\t\t\tvar deco = decoration[ii];","\t\t\tif (!curGroup || deco !== curGroup.decoration ||","\t\t\t\tstyle !== curGroup.decorationStyle || color !== curGroup.decorationColor ||","\t\t\t\tdeco === 'lineThrough') {","","\t\t\t\tcurGroup = {","\t\t\t\t\tline: line,","\t\t\t\t\tdecoration: deco,","\t\t\t\t\tdecorationColor: color,","\t\t\t\t\tdecorationStyle: style,","\t\t\t\t\tinlines: [inline]","\t\t\t\t};","\t\t\t\tgroups.push(curGroup);","\t\t\t} else {","\t\t\t\tcurGroup.inlines.push(inline);","\t\t\t}","\t\t}","\t}","","\treturn groups;","}","","function drawDecoration(group, x, y, pdfKitDoc) {","\tfunction maxInline() {","\t\tvar max = 0;","\t\tfor (var i = 0, l = group.inlines.length; i < l; i++) {","\t\t\tvar inl = group.inlines[i];","\t\t\tmax = inl.fontSize > max ? i : max;","\t\t}","\t\treturn group.inlines[max];","\t}","\tfunction width() {","\t\tvar sum = 0;","\t\tfor (var i = 0, l = group.inlines.length; i < l; i++) {","\t\t\tsum += group.inlines[i].width;","\t\t}","\t\treturn sum;","\t}","\tvar firstInline = group.inlines[0],","\t\tbiggerInline = maxInline(),","\t\ttotalWidth = width(),","\t\tlineAscent = group.line.getAscenderHeight(),","\t\tascent = biggerInline.font.ascender / 1000 * biggerInline.fontSize,","\t\theight = biggerInline.height,","\t\tdescent = height - ascent;","","\tvar lw = 0.5 + Math.floor(Math.max(biggerInline.fontSize - 8, 0) / 2) * 0.12;","","\tswitch (group.decoration) {","\t\tcase 'underline':","\t\t\ty += lineAscent + descent * 0.45;","\t\t\tbreak;","\t\tcase 'overline':","\t\t\ty += lineAscent - (ascent * 0.85);","\t\t\tbreak;","\t\tcase 'lineThrough':","\t\t\ty += lineAscent - (ascent * 0.25);","\t\t\tbreak;","\t\tdefault:","\t\t\tthrow 'Unkown decoration : ' + group.decoration;","\t}","\tpdfKitDoc.save();","","\tif (group.decorationStyle === 'double') {","\t\tvar gap = Math.max(0.5, lw * 2);","\t\tpdfKitDoc.fillColor(group.decorationColor)","\t\t\t.rect(x + firstInline.x, y - lw / 2, totalWidth, lw / 2).fill()","\t\t\t.rect(x + firstInline.x, y + gap - lw / 2, totalWidth, lw / 2).fill();","\t} else if (group.decorationStyle === 'dashed') {","\t\tvar nbDashes = Math.ceil(totalWidth / (3.96 + 2.84));","\t\tvar rdx = x + firstInline.x;","\t\tpdfKitDoc.rect(rdx, y, totalWidth, lw).clip();","\t\tpdfKitDoc.fillColor(group.decorationColor);","\t\tfor (var i = 0; i < nbDashes; i++) {","\t\t\tpdfKitDoc.rect(rdx, y - lw / 2, 3.96, lw).fill();","\t\t\trdx += 3.96 + 2.84;","\t\t}","\t} else if (group.decorationStyle === 'dotted') {","\t\tvar nbDots = Math.ceil(totalWidth / (lw * 3));","\t\tvar rx = x + firstInline.x;","\t\tpdfKitDoc.rect(rx, y, totalWidth, lw).clip();","\t\tpdfKitDoc.fillColor(group.decorationColor);","\t\tfor (var ii = 0; ii < nbDots; ii++) {","\t\t\tpdfKitDoc.rect(rx, y - lw / 2, lw, lw).fill();","\t\t\trx += (lw * 3);","\t\t}","\t} else if (group.decorationStyle === 'wavy') {","\t\tvar sh = 0.7, sv = 1;","\t\tvar nbWaves = Math.ceil(totalWidth / (sh * 2)) + 1;","\t\tvar rwx = x + firstInline.x - 1;","\t\tpdfKitDoc.rect(x + firstInline.x, y - sv, totalWidth, y + sv).clip();","\t\tpdfKitDoc.lineWidth(0.24);","\t\tpdfKitDoc.moveTo(rwx, y);","\t\tfor (var iii = 0; iii < nbWaves; iii++) {","\t\t\tpdfKitDoc.bezierCurveTo(rwx + sh, y - sv, rwx + sh * 2, y - sv, rwx + sh * 3, y)","\t\t\t\t.bezierCurveTo(rwx + sh * 4, y + sv, rwx + sh * 5, y + sv, rwx + sh * 6, y);","\t\t\trwx += sh * 6;","\t\t}","\t\tpdfKitDoc.stroke(group.decorationColor);","","\t} else {","\t\tpdfKitDoc.fillColor(group.decorationColor)","\t\t\t.rect(x + firstInline.x, y - lw / 2, totalWidth, lw)","\t\t\t.fill();","\t}","\tpdfKitDoc.restore();","}","","function drawDecorations(line, x, y, pdfKitDoc) {","\tvar groups = groupDecorations(line);","\tfor (var i = 0, l = groups.length; i < l; i++) {","\t\tdrawDecoration(groups[i], x, y, pdfKitDoc);","\t}","}","","function drawBackground(line, x, y, pdfKitDoc) {","\tvar height = line.getHeight();","\tfor (var i = 0, l = line.inlines.length; i < l; i++) {","\t\tvar inline = line.inlines[i];","\t\tif (inline.background) {","\t\t\tpdfKitDoc.fillColor(inline.background)","\t\t\t\t.rect(x + inline.x, y, inline.width, height)","\t\t\t\t.fill();","\t\t}","\t}","}","","module.exports = {","\tdrawBackground: drawBackground,","\tdrawDecorations: drawDecorations","};"],"l":{"4":1,"5":0,"6":0,"7":0,"8":0,"9":0,"10":0,"11":0,"13":0,"14":0,"15":0,"16":0,"17":0,"18":0,"22":0,"29":0,"31":0,"36":0,"39":1,"40":1,"41":0,"42":0,"43":0,"44":0,"46":0,"48":1,"49":0,"50":0,"51":0,"53":0,"55":0,"63":0,"65":0,"67":0,"68":0,"70":0,"71":0,"73":0,"74":0,"76":0,"78":0,"80":0,"81":0,"82":0,"85":0,"86":0,"87":0,"88":0,"89":0,"90":0,"91":0,"92":0,"94":0,"95":0,"96":0,"97":0,"98":0,"99":0,"100":0,"101":0,"103":0,"104":0,"105":0,"106":0,"107":0,"108":0,"109":0,"110":0,"111":0,"113":0,"115":0,"118":0,"122":0,"125":1,"126":0,"127":0,"128":0,"132":1,"133":0,"134":0,"135":0,"136":0,"137":0,"144":1}}}